Determining if the pthread_create exist failed with the following output:
Change Dir: /home/zhangify/workspace/dlsys_hw/needle/build/CMakeFiles/CMakeTmp

Run Build Command(s):/usr/bin/make cmTC_56a3b/fast 
make[1]: Entering directory '/home/zhangify/workspace/dlsys_hw/needle/build/CMakeFiles/CMakeTmp'
/usr/bin/make -f CMakeFiles/cmTC_56a3b.dir/build.make CMakeFiles/cmTC_56a3b.dir/build
make[2]: Entering directory '/home/zhangify/workspace/dlsys_hw/needle/build/CMakeFiles/CMakeTmp'
Building C object CMakeFiles/cmTC_56a3b.dir/CheckSymbolExists.c.o
/usr/bin/gcc   -fPIC    -o CMakeFiles/cmTC_56a3b.dir/CheckSymbolExists.c.o   -c /home/zhangify/workspace/dlsys_hw/needle/build/CMakeFiles/CMakeTmp/CheckSymbolExists.c
Linking C executable cmTC_56a3b
/home/zhangify/miniconda3/envs/gpt/bin/cmake -E cmake_link_script CMakeFiles/cmTC_56a3b.dir/link.txt --verbose=1
/usr/bin/gcc -fPIC   -Wl,-O2 -Wl,--sort-common -Wl,--as-needed -Wl,-z,relro -Wl,-z,now -Wl,--disable-new-dtags -Wl,--gc-sections -Wl,-rpath,/home/zhangify/miniconda3/envs/gpt/lib -Wl,-rpath-link,/home/zhangify/miniconda3/envs/gpt/lib -L/home/zhangify/miniconda3/envs/gpt/lib  -L/home/zhangify/miniconda3/envs/gpt/targets/x86_64-linux/lib -L/home/zhangify/miniconda3/envs/gpt/targets/x86_64-linux/lib/stubs  CMakeFiles/cmTC_56a3b.dir/CheckSymbolExists.c.o  -o cmTC_56a3b 
/usr/bin/ld: CMakeFiles/cmTC_56a3b.dir/CheckSymbolExists.c.o: in function `main':
CheckSymbolExists.c:(.text+0x1f): undefined reference to `pthread_create'
collect2: error: ld returned 1 exit status
make[2]: *** [CMakeFiles/cmTC_56a3b.dir/build.make:87: cmTC_56a3b] Error 1
make[2]: Leaving directory '/home/zhangify/workspace/dlsys_hw/needle/build/CMakeFiles/CMakeTmp'
make[1]: *** [Makefile:121: cmTC_56a3b/fast] Error 2
make[1]: Leaving directory '/home/zhangify/workspace/dlsys_hw/needle/build/CMakeFiles/CMakeTmp'

File /home/zhangify/workspace/dlsys_hw/needle/build/CMakeFiles/CMakeTmp/CheckSymbolExists.c:
/* */
#include <pthread.h>

int main(int argc, char** argv)
{
  (void)argv;
#ifndef pthread_create
  return ((int*)(&pthread_create))[argc];
#else
  (void)argc;
  return 0;
#endif
}

Determining if the function pthread_create exists in the pthreads failed with the following output:
Change Dir: /home/zhangify/workspace/dlsys_hw/needle/build/CMakeFiles/CMakeTmp

Run Build Command(s):/usr/bin/make cmTC_1d079/fast 
make[1]: Entering directory '/home/zhangify/workspace/dlsys_hw/needle/build/CMakeFiles/CMakeTmp'
/usr/bin/make -f CMakeFiles/cmTC_1d079.dir/build.make CMakeFiles/cmTC_1d079.dir/build
make[2]: Entering directory '/home/zhangify/workspace/dlsys_hw/needle/build/CMakeFiles/CMakeTmp'
Building C object CMakeFiles/cmTC_1d079.dir/CheckFunctionExists.c.o
/usr/bin/gcc   -fPIC -DCHECK_FUNCTION_EXISTS=pthread_create   -o CMakeFiles/cmTC_1d079.dir/CheckFunctionExists.c.o   -c /home/zhangify/miniconda3/envs/gpt/share/cmake-3.14/Modules/CheckFunctionExists.c
Linking C executable cmTC_1d079
/home/zhangify/miniconda3/envs/gpt/bin/cmake -E cmake_link_script CMakeFiles/cmTC_1d079.dir/link.txt --verbose=1
/usr/bin/gcc -fPIC -DCHECK_FUNCTION_EXISTS=pthread_create  -Wl,-O2 -Wl,--sort-common -Wl,--as-needed -Wl,-z,relro -Wl,-z,now -Wl,--disable-new-dtags -Wl,--gc-sections -Wl,-rpath,/home/zhangify/miniconda3/envs/gpt/lib -Wl,-rpath-link,/home/zhangify/miniconda3/envs/gpt/lib -L/home/zhangify/miniconda3/envs/gpt/lib  -L/home/zhangify/miniconda3/envs/gpt/targets/x86_64-linux/lib -L/home/zhangify/miniconda3/envs/gpt/targets/x86_64-linux/lib/stubs  CMakeFiles/cmTC_1d079.dir/CheckFunctionExists.c.o  -o cmTC_1d079 -lpthreads 
/usr/bin/ld: cannot find -lpthreads
collect2: error: ld returned 1 exit status
make[2]: *** [CMakeFiles/cmTC_1d079.dir/build.make:87: cmTC_1d079] Error 1
make[2]: Leaving directory '/home/zhangify/workspace/dlsys_hw/needle/build/CMakeFiles/CMakeTmp'
make[1]: *** [Makefile:121: cmTC_1d079/fast] Error 2
make[1]: Leaving directory '/home/zhangify/workspace/dlsys_hw/needle/build/CMakeFiles/CMakeTmp'


