The system is: Linux - 5.15.0-1083-gcp - x86_64
Compiling the C compiler identification source file "CMakeCCompilerId.c" succeeded.
Compiler: /usr/bin/gcc 
Build flags: -march=nocona;-mtune=haswell;-ftree-vectorize;-fPIC;-fstack-protector-strong;-fno-plt;-O2;-ffunction-sections;-pipe;-isystem;/home/zhangify/miniconda3/envs/gpt/include;;-I/home/zhangify/miniconda3/envs/gpt/targets/x86_64-linux/include
Id flags:  

The output was:
0


Compilation of the C compiler identification source "CMakeCCompilerId.c" produced "a.out"

The C compiler identification is GNU, found in "/home/zhangify/workspace/dlsys_hw/needle/build/CMakeFiles/3.14.0/CompilerIdC/a.out"

Compiling the CXX compiler identification source file "CMakeCXXCompilerId.cpp" succeeded.
Compiler: /usr/bin/g++ 
Build flags: -fvisibility-inlines-hidden;-std=c++17;-fmessage-length=0;-march=nocona;-mtune=haswell;-ftree-vectorize;-fPIC;-fstack-protector-strong;-fno-plt;-O2;-ffunction-sections;-pipe;-isystem;/home/zhangify/miniconda3/envs/gpt/include;;-I/home/zhangify/miniconda3/envs/gpt/targets/x86_64-linux/include
Id flags:  

The output was:
0


Compilation of the CXX compiler identification source "CMakeCXXCompilerId.cpp" produced "a.out"

The CXX compiler identification is GNU, found in "/home/zhangify/workspace/dlsys_hw/needle/build/CMakeFiles/3.14.0/CompilerIdCXX/a.out"

Determining if the C compiler works passed with the following output:
Change Dir: /home/zhangify/workspace/dlsys_hw/needle/build/CMakeFiles/CMakeTmp

Run Build Command(s):/usr/bin/make cmTC_3aa4f/fast 
make[1]: Entering directory '/home/zhangify/workspace/dlsys_hw/needle/build/CMakeFiles/CMakeTmp'
/usr/bin/make -f CMakeFiles/cmTC_3aa4f.dir/build.make CMakeFiles/cmTC_3aa4f.dir/build
make[2]: Entering directory '/home/zhangify/workspace/dlsys_hw/needle/build/CMakeFiles/CMakeTmp'
Building C object CMakeFiles/cmTC_3aa4f.dir/testCCompiler.c.o
/usr/bin/gcc   -march=nocona -mtune=haswell -ftree-vectorize -fPIC -fstack-protector-strong -fno-plt -O2 -ffunction-sections -pipe -isystem /home/zhangify/miniconda3/envs/gpt/include  -I/home/zhangify/miniconda3/envs/gpt/targets/x86_64-linux/include    -o CMakeFiles/cmTC_3aa4f.dir/testCCompiler.c.o   -c /home/zhangify/workspace/dlsys_hw/needle/build/CMakeFiles/CMakeTmp/testCCompiler.c
Linking C executable cmTC_3aa4f
/home/zhangify/miniconda3/envs/gpt/bin/cmake -E cmake_link_script CMakeFiles/cmTC_3aa4f.dir/link.txt --verbose=1
/usr/bin/gcc -march=nocona -mtune=haswell -ftree-vectorize -fPIC -fstack-protector-strong -fno-plt -O2 -ffunction-sections -pipe -isystem /home/zhangify/miniconda3/envs/gpt/include  -I/home/zhangify/miniconda3/envs/gpt/targets/x86_64-linux/include   -Wl,-O2 -Wl,--sort-common -Wl,--as-needed -Wl,-z,relro -Wl,-z,now -Wl,--disable-new-dtags -Wl,--gc-sections -Wl,-rpath,/home/zhangify/miniconda3/envs/gpt/lib -Wl,-rpath-link,/home/zhangify/miniconda3/envs/gpt/lib -L/home/zhangify/miniconda3/envs/gpt/lib  -L/home/zhangify/miniconda3/envs/gpt/targets/x86_64-linux/lib -L/home/zhangify/miniconda3/envs/gpt/targets/x86_64-linux/lib/stubs  CMakeFiles/cmTC_3aa4f.dir/testCCompiler.c.o  -o cmTC_3aa4f 
make[2]: Leaving directory '/home/zhangify/workspace/dlsys_hw/needle/build/CMakeFiles/CMakeTmp'
make[1]: Leaving directory '/home/zhangify/workspace/dlsys_hw/needle/build/CMakeFiles/CMakeTmp'


Detecting C compiler ABI info compiled with the following output:
Change Dir: /home/zhangify/workspace/dlsys_hw/needle/build/CMakeFiles/CMakeTmp

Run Build Command(s):/usr/bin/make cmTC_00393/fast 
make[1]: Entering directory '/home/zhangify/workspace/dlsys_hw/needle/build/CMakeFiles/CMakeTmp'
/usr/bin/make -f CMakeFiles/cmTC_00393.dir/build.make CMakeFiles/cmTC_00393.dir/build
make[2]: Entering directory '/home/zhangify/workspace/dlsys_hw/needle/build/CMakeFiles/CMakeTmp'
Building C object CMakeFiles/cmTC_00393.dir/CMakeCCompilerABI.c.o
/usr/bin/gcc   -march=nocona -mtune=haswell -ftree-vectorize -fPIC -fstack-protector-strong -fno-plt -O2 -ffunction-sections -pipe -isystem /home/zhangify/miniconda3/envs/gpt/include  -I/home/zhangify/miniconda3/envs/gpt/targets/x86_64-linux/include    -v -o CMakeFiles/cmTC_00393.dir/CMakeCCompilerABI.c.o   -c /home/zhangify/miniconda3/envs/gpt/share/cmake-3.14/Modules/CMakeCCompilerABI.c
Using built-in specs.
COLLECT_GCC=/usr/bin/gcc
OFFLOAD_TARGET_NAMES=nvptx-none:hsa
OFFLOAD_TARGET_DEFAULT=1
Target: x86_64-linux-gnu
Configured with: ../src/configure -v --with-pkgversion='Ubuntu 9.4.0-1ubuntu1~20.04.2' --with-bugurl=file:///usr/share/doc/gcc-9/README.Bugs --enable-languages=c,ada,c++,go,brig,d,fortran,objc,obj-c++,gm2 --prefix=/usr --with-gcc-major-version-only --program-suffix=-9 --program-prefix=x86_64-linux-gnu- --enable-shared --enable-linker-build-id --libexecdir=/usr/lib --without-included-gettext --enable-threads=posix --libdir=/usr/lib --enable-nls --enable-clocale=gnu --enable-libstdcxx-debug --enable-libstdcxx-time=yes --with-default-libstdcxx-abi=new --enable-gnu-unique-object --disable-vtable-verify --enable-plugin --enable-default-pie --with-system-zlib --with-target-system-zlib=auto --enable-objc-gc=auto --enable-multiarch --disable-werror --with-arch-32=i686 --with-abi=m64 --with-multilib-list=m32,m64,mx32 --enable-multilib --with-tune=generic --enable-offload-targets=nvptx-none=/build/gcc-9-9QDOt0/gcc-9-9.4.0/debian/tmp-nvptx/usr,hsa --without-cuda-driver --enable-checking=release --build=x86_64-linux-gnu --host=x86_64-linux-gnu --target=x86_64-linux-gnu
Thread model: posix
gcc version 9.4.0 (Ubuntu 9.4.0-1ubuntu1~20.04.2) 
COLLECT_GCC_OPTIONS='-march=nocona' '-mtune=haswell' '-ftree-vectorize' '-fPIC' '-fstack-protector-strong' '-fno-plt' '-O2' '-ffunction-sections' '-pipe' '-isystem' '/home/zhangify/miniconda3/envs/gpt/include' '-I' '/home/zhangify/miniconda3/envs/gpt/targets/x86_64-linux/include' '-v' '-o' 'CMakeFiles/cmTC_00393.dir/CMakeCCompilerABI.c.o' '-c'
 /usr/lib/gcc/x86_64-linux-gnu/9/cc1 -quiet -v -I /home/zhangify/miniconda3/envs/gpt/targets/x86_64-linux/include -imultiarch x86_64-linux-gnu -isystem /home/zhangify/miniconda3/envs/gpt/include /home/zhangify/miniconda3/envs/gpt/share/cmake-3.14/Modules/CMakeCCompilerABI.c -quiet -dumpbase CMakeCCompilerABI.c -march=nocona -mtune=haswell -auxbase-strip CMakeFiles/cmTC_00393.dir/CMakeCCompilerABI.c.o -O2 -version -ftree-vectorize -fPIC -fstack-protector-strong -fno-plt -ffunction-sections -fasynchronous-unwind-tables -fstack-protector-strong -Wformat -Wformat-security -fstack-clash-protection -fcf-protection -o - |
 as -v -I /home/zhangify/miniconda3/envs/gpt/targets/x86_64-linux/include --64 -o CMakeFiles/cmTC_00393.dir/CMakeCCompilerABI.c.o
GNU C17 (Ubuntu 9.4.0-1ubuntu1~20.04.2) version 9.4.0 (x86_64-linux-gnu)
	compiled by GNU C version 9.4.0, GMP version 6.2.0, MPFR version 4.0.2, MPC version 1.1.0, isl version isl-0.22.1-GMP

GGC heuristics: --param ggc-min-expand=100 --param ggc-min-heapsize=131072
ignoring nonexistent directory "/usr/local/include/x86_64-linux-gnu"
ignoring nonexistent directory "/usr/lib/gcc/x86_64-linux-gnu/9/include-fixed"
ignoring nonexistent directory "/usr/lib/gcc/x86_64-linux-gnu/9/../../../../x86_64-linux-gnu/include"
#include "..." search starts here:
#include <...> search starts here:
 /home/zhangify/miniconda3/envs/gpt/targets/x86_64-linux/include
 /home/zhangify/miniconda3/envs/gpt/include
 /usr/lib/gcc/x86_64-linux-gnu/9/include
 /usr/local/include
 /usr/include/x86_64-linux-gnu
 /usr/include
End of search list.
GNU assembler version 2.34 (x86_64-linux-gnu) using BFD version (GNU Binutils for Ubuntu) 2.34
GNU C17 (Ubuntu 9.4.0-1ubuntu1~20.04.2) version 9.4.0 (x86_64-linux-gnu)
	compiled by GNU C version 9.4.0, GMP version 6.2.0, MPFR version 4.0.2, MPC version 1.1.0, isl version isl-0.22.1-GMP

GGC heuristics: --param ggc-min-expand=100 --param ggc-min-heapsize=131072
Compiler executable checksum: 01da938ff5dc2163489aa33cb3b747a7
COMPILER_PATH=/usr/lib/gcc/x86_64-linux-gnu/9/:/usr/lib/gcc/x86_64-linux-gnu/9/:/usr/lib/gcc/x86_64-linux-gnu/:/usr/lib/gcc/x86_64-linux-gnu/9/:/usr/lib/gcc/x86_64-linux-gnu/
LIBRARY_PATH=/usr/lib/gcc/x86_64-linux-gnu/9/:/usr/lib/gcc/x86_64-linux-gnu/9/../../../x86_64-linux-gnu/:/usr/lib/gcc/x86_64-linux-gnu/9/../../../../lib/:/lib/x86_64-linux-gnu/:/lib/../lib/:/usr/lib/x86_64-linux-gnu/:/usr/lib/../lib/:/usr/lib/gcc/x86_64-linux-gnu/9/../../../:/lib/:/usr/lib/
COLLECT_GCC_OPTIONS='-march=nocona' '-mtune=haswell' '-ftree-vectorize' '-fPIC' '-fstack-protector-strong' '-fno-plt' '-O2' '-ffunction-sections' '-pipe' '-isystem' '/home/zhangify/miniconda3/envs/gpt/include' '-I' '/home/zhangify/miniconda3/envs/gpt/targets/x86_64-linux/include' '-v' '-o' 'CMakeFiles/cmTC_00393.dir/CMakeCCompilerABI.c.o' '-c'
Linking C executable cmTC_00393
/home/zhangify/miniconda3/envs/gpt/bin/cmake -E cmake_link_script CMakeFiles/cmTC_00393.dir/link.txt --verbose=1
/usr/bin/gcc -march=nocona -mtune=haswell -ftree-vectorize -fPIC -fstack-protector-strong -fno-plt -O2 -ffunction-sections -pipe -isystem /home/zhangify/miniconda3/envs/gpt/include  -I/home/zhangify/miniconda3/envs/gpt/targets/x86_64-linux/include   -Wl,-O2 -Wl,--sort-common -Wl,--as-needed -Wl,-z,relro -Wl,-z,now -Wl,--disable-new-dtags -Wl,--gc-sections -Wl,-rpath,/home/zhangify/miniconda3/envs/gpt/lib -Wl,-rpath-link,/home/zhangify/miniconda3/envs/gpt/lib -L/home/zhangify/miniconda3/envs/gpt/lib  -L/home/zhangify/miniconda3/envs/gpt/targets/x86_64-linux/lib -L/home/zhangify/miniconda3/envs/gpt/targets/x86_64-linux/lib/stubs -v CMakeFiles/cmTC_00393.dir/CMakeCCompilerABI.c.o  -o cmTC_00393 
Using built-in specs.
COLLECT_GCC=/usr/bin/gcc
COLLECT_LTO_WRAPPER=/usr/lib/gcc/x86_64-linux-gnu/9/lto-wrapper
OFFLOAD_TARGET_NAMES=nvptx-none:hsa
OFFLOAD_TARGET_DEFAULT=1
Target: x86_64-linux-gnu
Configured with: ../src/configure -v --with-pkgversion='Ubuntu 9.4.0-1ubuntu1~20.04.2' --with-bugurl=file:///usr/share/doc/gcc-9/README.Bugs --enable-languages=c,ada,c++,go,brig,d,fortran,objc,obj-c++,gm2 --prefix=/usr --with-gcc-major-version-only --program-suffix=-9 --program-prefix=x86_64-linux-gnu- --enable-shared --enable-linker-build-id --libexecdir=/usr/lib --without-included-gettext --enable-threads=posix --libdir=/usr/lib --enable-nls --enable-clocale=gnu --enable-libstdcxx-debug --enable-libstdcxx-time=yes --with-default-libstdcxx-abi=new --enable-gnu-unique-object --disable-vtable-verify --enable-plugin --enable-default-pie --with-system-zlib --with-target-system-zlib=auto --enable-objc-gc=auto --enable-multiarch --disable-werror --with-arch-32=i686 --with-abi=m64 --with-multilib-list=m32,m64,mx32 --enable-multilib --with-tune=generic --enable-offload-targets=nvptx-none=/build/gcc-9-9QDOt0/gcc-9-9.4.0/debian/tmp-nvptx/usr,hsa --without-cuda-driver --enable-checking=release --build=x86_64-linux-gnu --host=x86_64-linux-gnu --target=x86_64-linux-gnu
Thread model: posix
gcc version 9.4.0 (Ubuntu 9.4.0-1ubuntu1~20.04.2) 
COMPILER_PATH=/usr/lib/gcc/x86_64-linux-gnu/9/:/usr/lib/gcc/x86_64-linux-gnu/9/:/usr/lib/gcc/x86_64-linux-gnu/:/usr/lib/gcc/x86_64-linux-gnu/9/:/usr/lib/gcc/x86_64-linux-gnu/
LIBRARY_PATH=/usr/lib/gcc/x86_64-linux-gnu/9/:/usr/lib/gcc/x86_64-linux-gnu/9/../../../x86_64-linux-gnu/:/usr/lib/gcc/x86_64-linux-gnu/9/../../../../lib/:/lib/x86_64-linux-gnu/:/lib/../lib/:/usr/lib/x86_64-linux-gnu/:/usr/lib/../lib/:/usr/lib/gcc/x86_64-linux-gnu/9/../../../:/lib/:/usr/lib/
COLLECT_GCC_OPTIONS='-march=nocona' '-mtune=haswell' '-ftree-vectorize' '-fPIC' '-fstack-protector-strong' '-fno-plt' '-O2' '-ffunction-sections' '-pipe' '-isystem' '/home/zhangify/miniconda3/envs/gpt/include' '-I' '/home/zhangify/miniconda3/envs/gpt/targets/x86_64-linux/include' '-L/home/zhangify/miniconda3/envs/gpt/lib' '-L/home/zhangify/miniconda3/envs/gpt/targets/x86_64-linux/lib' '-L/home/zhangify/miniconda3/envs/gpt/targets/x86_64-linux/lib/stubs' '-v' '-o' 'cmTC_00393'
 /usr/lib/gcc/x86_64-linux-gnu/9/collect2 -plugin /usr/lib/gcc/x86_64-linux-gnu/9/liblto_plugin.so -plugin-opt=/usr/lib/gcc/x86_64-linux-gnu/9/lto-wrapper -plugin-opt=-fresolution=/tmp/ccW0J3OH.res -plugin-opt=-pass-through=-lgcc -plugin-opt=-pass-through=-lgcc_s -plugin-opt=-pass-through=-lc -plugin-opt=-pass-through=-lgcc -plugin-opt=-pass-through=-lgcc_s --build-id --eh-frame-hdr -m elf_x86_64 --hash-style=gnu --as-needed -dynamic-linker /lib64/ld-linux-x86-64.so.2 -pie -z now -z relro -o cmTC_00393 /usr/lib/gcc/x86_64-linux-gnu/9/../../../x86_64-linux-gnu/Scrt1.o /usr/lib/gcc/x86_64-linux-gnu/9/../../../x86_64-linux-gnu/crti.o /usr/lib/gcc/x86_64-linux-gnu/9/crtbeginS.o -L/home/zhangify/miniconda3/envs/gpt/lib -L/home/zhangify/miniconda3/envs/gpt/targets/x86_64-linux/lib -L/home/zhangify/miniconda3/envs/gpt/targets/x86_64-linux/lib/stubs -L/usr/lib/gcc/x86_64-linux-gnu/9 -L/usr/lib/gcc/x86_64-linux-gnu/9/../../../x86_64-linux-gnu -L/usr/lib/gcc/x86_64-linux-gnu/9/../../../../lib -L/lib/x86_64-linux-gnu -L/lib/../lib -L/usr/lib/x86_64-linux-gnu -L/usr/lib/../lib -L/usr/lib/gcc/x86_64-linux-gnu/9/../../.. -O2 --sort-common --as-needed -z relro -z now --disable-new-dtags --gc-sections -rpath /home/zhangify/miniconda3/envs/gpt/lib -rpath-link /home/zhangify/miniconda3/envs/gpt/lib CMakeFiles/cmTC_00393.dir/CMakeCCompilerABI.c.o -lgcc --push-state --as-needed -lgcc_s --pop-state -lc -lgcc --push-state --as-needed -lgcc_s --pop-state /usr/lib/gcc/x86_64-linux-gnu/9/crtendS.o /usr/lib/gcc/x86_64-linux-gnu/9/../../../x86_64-linux-gnu/crtn.o
COLLECT_GCC_OPTIONS='-march=nocona' '-mtune=haswell' '-ftree-vectorize' '-fPIC' '-fstack-protector-strong' '-fno-plt' '-O2' '-ffunction-sections' '-pipe' '-isystem' '/home/zhangify/miniconda3/envs/gpt/include' '-I' '/home/zhangify/miniconda3/envs/gpt/targets/x86_64-linux/include' '-L/home/zhangify/miniconda3/envs/gpt/lib' '-L/home/zhangify/miniconda3/envs/gpt/targets/x86_64-linux/lib' '-L/home/zhangify/miniconda3/envs/gpt/targets/x86_64-linux/lib/stubs' '-v' '-o' 'cmTC_00393'
make[2]: Leaving directory '/home/zhangify/workspace/dlsys_hw/needle/build/CMakeFiles/CMakeTmp'
make[1]: Leaving directory '/home/zhangify/workspace/dlsys_hw/needle/build/CMakeFiles/CMakeTmp'


Parsed C implicit include dir info from above output: rv=done
  found start of include info
  found start of implicit include info
    add: [/home/zhangify/miniconda3/envs/gpt/targets/x86_64-linux/include]
    add: [/home/zhangify/miniconda3/envs/gpt/include]
    add: [/usr/lib/gcc/x86_64-linux-gnu/9/include]
    add: [/usr/local/include]
    add: [/usr/include/x86_64-linux-gnu]
    add: [/usr/include]
  end of search list found
  implicit include dirs: [/home/zhangify/miniconda3/envs/gpt/targets/x86_64-linux/include;/home/zhangify/miniconda3/envs/gpt/include;/usr/lib/gcc/x86_64-linux-gnu/9/include;/usr/local/include;/usr/include/x86_64-linux-gnu;/usr/include]


Parsed C implicit link information from above output:
  link line regex: [^( *|.*[/\])(ld|CMAKE_LINK_STARTFILE-NOTFOUND|([^/\]+-)?ld|collect2)[^/\]*( |$)]
  ignore line: [Change Dir: /home/zhangify/workspace/dlsys_hw/needle/build/CMakeFiles/CMakeTmp]
  ignore line: []
  ignore line: [Run Build Command(s):/usr/bin/make cmTC_00393/fast ]
  ignore line: [make[1]: Entering directory '/home/zhangify/workspace/dlsys_hw/needle/build/CMakeFiles/CMakeTmp']
  ignore line: [/usr/bin/make -f CMakeFiles/cmTC_00393.dir/build.make CMakeFiles/cmTC_00393.dir/build]
  ignore line: [make[2]: Entering directory '/home/zhangify/workspace/dlsys_hw/needle/build/CMakeFiles/CMakeTmp']
  ignore line: [Building C object CMakeFiles/cmTC_00393.dir/CMakeCCompilerABI.c.o]
  ignore line: [/usr/bin/gcc   -march=nocona -mtune=haswell -ftree-vectorize -fPIC -fstack-protector-strong -fno-plt -O2 -ffunction-sections -pipe -isystem /home/zhangify/miniconda3/envs/gpt/include  -I/home/zhangify/miniconda3/envs/gpt/targets/x86_64-linux/include    -v -o CMakeFiles/cmTC_00393.dir/CMakeCCompilerABI.c.o   -c /home/zhangify/miniconda3/envs/gpt/share/cmake-3.14/Modules/CMakeCCompilerABI.c]
  ignore line: [Using built-in specs.]
  ignore line: [COLLECT_GCC=/usr/bin/gcc]
  ignore line: [OFFLOAD_TARGET_NAMES=nvptx-none:hsa]
  ignore line: [OFFLOAD_TARGET_DEFAULT=1]
  ignore line: [Target: x86_64-linux-gnu]
  ignore line: [Configured with: ../src/configure -v --with-pkgversion='Ubuntu 9.4.0-1ubuntu1~20.04.2' --with-bugurl=file:///usr/share/doc/gcc-9/README.Bugs --enable-languages=c,ada,c++,go,brig,d,fortran,objc,obj-c++,gm2 --prefix=/usr --with-gcc-major-version-only --program-suffix=-9 --program-prefix=x86_64-linux-gnu- --enable-shared --enable-linker-build-id --libexecdir=/usr/lib --without-included-gettext --enable-threads=posix --libdir=/usr/lib --enable-nls --enable-clocale=gnu --enable-libstdcxx-debug --enable-libstdcxx-time=yes --with-default-libstdcxx-abi=new --enable-gnu-unique-object --disable-vtable-verify --enable-plugin --enable-default-pie --with-system-zlib --with-target-system-zlib=auto --enable-objc-gc=auto --enable-multiarch --disable-werror --with-arch-32=i686 --with-abi=m64 --with-multilib-list=m32,m64,mx32 --enable-multilib --with-tune=generic --enable-offload-targets=nvptx-none=/build/gcc-9-9QDOt0/gcc-9-9.4.0/debian/tmp-nvptx/usr,hsa --without-cuda-driver --enable-checking=release --build=x86_64-linux-gnu --host=x86_64-linux-gnu --target=x86_64-linux-gnu]
  ignore line: [Thread model: posix]
  ignore line: [gcc version 9.4.0 (Ubuntu 9.4.0-1ubuntu1~20.04.2) ]
  ignore line: [COLLECT_GCC_OPTIONS='-march=nocona' '-mtune=haswell' '-ftree-vectorize' '-fPIC' '-fstack-protector-strong' '-fno-plt' '-O2' '-ffunction-sections' '-pipe' '-isystem' '/home/zhangify/miniconda3/envs/gpt/include' '-I' '/home/zhangify/miniconda3/envs/gpt/targets/x86_64-linux/include' '-v' '-o' 'CMakeFiles/cmTC_00393.dir/CMakeCCompilerABI.c.o' '-c']
  ignore line: [ /usr/lib/gcc/x86_64-linux-gnu/9/cc1 -quiet -v -I /home/zhangify/miniconda3/envs/gpt/targets/x86_64-linux/include -imultiarch x86_64-linux-gnu -isystem /home/zhangify/miniconda3/envs/gpt/include /home/zhangify/miniconda3/envs/gpt/share/cmake-3.14/Modules/CMakeCCompilerABI.c -quiet -dumpbase CMakeCCompilerABI.c -march=nocona -mtune=haswell -auxbase-strip CMakeFiles/cmTC_00393.dir/CMakeCCompilerABI.c.o -O2 -version -ftree-vectorize -fPIC -fstack-protector-strong -fno-plt -ffunction-sections -fasynchronous-unwind-tables -fstack-protector-strong -Wformat -Wformat-security -fstack-clash-protection -fcf-protection -o - |]
  ignore line: [ as -v -I /home/zhangify/miniconda3/envs/gpt/targets/x86_64-linux/include --64 -o CMakeFiles/cmTC_00393.dir/CMakeCCompilerABI.c.o]
  ignore line: [GNU C17 (Ubuntu 9.4.0-1ubuntu1~20.04.2) version 9.4.0 (x86_64-linux-gnu)]
  ignore line: [	compiled by GNU C version 9.4.0, GMP version 6.2.0, MPFR version 4.0.2, MPC version 1.1.0, isl version isl-0.22.1-GMP]
  ignore line: []
  ignore line: [GGC heuristics: --param ggc-min-expand=100 --param ggc-min-heapsize=131072]
  ignore line: [ignoring nonexistent directory "/usr/local/include/x86_64-linux-gnu"]
  ignore line: [ignoring nonexistent directory "/usr/lib/gcc/x86_64-linux-gnu/9/include-fixed"]
  ignore line: [ignoring nonexistent directory "/usr/lib/gcc/x86_64-linux-gnu/9/../../../../x86_64-linux-gnu/include"]
  ignore line: [#include "..." search starts here:]
  ignore line: [#include <...> search starts here:]
  ignore line: [ /home/zhangify/miniconda3/envs/gpt/targets/x86_64-linux/include]
  ignore line: [ /home/zhangify/miniconda3/envs/gpt/include]
  ignore line: [ /usr/lib/gcc/x86_64-linux-gnu/9/include]
  ignore line: [ /usr/local/include]
  ignore line: [ /usr/include/x86_64-linux-gnu]
  ignore line: [ /usr/include]
  ignore line: [End of search list.]
  ignore line: [GNU assembler version 2.34 (x86_64-linux-gnu) using BFD version (GNU Binutils for Ubuntu) 2.34]
  ignore line: [GNU C17 (Ubuntu 9.4.0-1ubuntu1~20.04.2) version 9.4.0 (x86_64-linux-gnu)]
  ignore line: [	compiled by GNU C version 9.4.0, GMP version 6.2.0, MPFR version 4.0.2, MPC version 1.1.0, isl version isl-0.22.1-GMP]
  ignore line: []
  ignore line: [GGC heuristics: --param ggc-min-expand=100 --param ggc-min-heapsize=131072]
  ignore line: [Compiler executable checksum: 01da938ff5dc2163489aa33cb3b747a7]
  ignore line: [COMPILER_PATH=/usr/lib/gcc/x86_64-linux-gnu/9/:/usr/lib/gcc/x86_64-linux-gnu/9/:/usr/lib/gcc/x86_64-linux-gnu/:/usr/lib/gcc/x86_64-linux-gnu/9/:/usr/lib/gcc/x86_64-linux-gnu/]
  ignore line: [LIBRARY_PATH=/usr/lib/gcc/x86_64-linux-gnu/9/:/usr/lib/gcc/x86_64-linux-gnu/9/../../../x86_64-linux-gnu/:/usr/lib/gcc/x86_64-linux-gnu/9/../../../../lib/:/lib/x86_64-linux-gnu/:/lib/../lib/:/usr/lib/x86_64-linux-gnu/:/usr/lib/../lib/:/usr/lib/gcc/x86_64-linux-gnu/9/../../../:/lib/:/usr/lib/]
  ignore line: [COLLECT_GCC_OPTIONS='-march=nocona' '-mtune=haswell' '-ftree-vectorize' '-fPIC' '-fstack-protector-strong' '-fno-plt' '-O2' '-ffunction-sections' '-pipe' '-isystem' '/home/zhangify/miniconda3/envs/gpt/include' '-I' '/home/zhangify/miniconda3/envs/gpt/targets/x86_64-linux/include' '-v' '-o' 'CMakeFiles/cmTC_00393.dir/CMakeCCompilerABI.c.o' '-c']
  ignore line: [Linking C executable cmTC_00393]
  ignore line: [/home/zhangify/miniconda3/envs/gpt/bin/cmake -E cmake_link_script CMakeFiles/cmTC_00393.dir/link.txt --verbose=1]
  ignore line: [/usr/bin/gcc -march=nocona -mtune=haswell -ftree-vectorize -fPIC -fstack-protector-strong -fno-plt -O2 -ffunction-sections -pipe -isystem /home/zhangify/miniconda3/envs/gpt/include  -I/home/zhangify/miniconda3/envs/gpt/targets/x86_64-linux/include   -Wl,-O2 -Wl,--sort-common -Wl,--as-needed -Wl,-z,relro -Wl,-z,now -Wl,--disable-new-dtags -Wl,--gc-sections -Wl,-rpath,/home/zhangify/miniconda3/envs/gpt/lib -Wl,-rpath-link,/home/zhangify/miniconda3/envs/gpt/lib -L/home/zhangify/miniconda3/envs/gpt/lib  -L/home/zhangify/miniconda3/envs/gpt/targets/x86_64-linux/lib -L/home/zhangify/miniconda3/envs/gpt/targets/x86_64-linux/lib/stubs -v CMakeFiles/cmTC_00393.dir/CMakeCCompilerABI.c.o  -o cmTC_00393 ]
  ignore line: [Using built-in specs.]
  ignore line: [COLLECT_GCC=/usr/bin/gcc]
  ignore line: [COLLECT_LTO_WRAPPER=/usr/lib/gcc/x86_64-linux-gnu/9/lto-wrapper]
  ignore line: [OFFLOAD_TARGET_NAMES=nvptx-none:hsa]
  ignore line: [OFFLOAD_TARGET_DEFAULT=1]
  ignore line: [Target: x86_64-linux-gnu]
  ignore line: [Configured with: ../src/configure -v --with-pkgversion='Ubuntu 9.4.0-1ubuntu1~20.04.2' --with-bugurl=file:///usr/share/doc/gcc-9/README.Bugs --enable-languages=c,ada,c++,go,brig,d,fortran,objc,obj-c++,gm2 --prefix=/usr --with-gcc-major-version-only --program-suffix=-9 --program-prefix=x86_64-linux-gnu- --enable-shared --enable-linker-build-id --libexecdir=/usr/lib --without-included-gettext --enable-threads=posix --libdir=/usr/lib --enable-nls --enable-clocale=gnu --enable-libstdcxx-debug --enable-libstdcxx-time=yes --with-default-libstdcxx-abi=new --enable-gnu-unique-object --disable-vtable-verify --enable-plugin --enable-default-pie --with-system-zlib --with-target-system-zlib=auto --enable-objc-gc=auto --enable-multiarch --disable-werror --with-arch-32=i686 --with-abi=m64 --with-multilib-list=m32,m64,mx32 --enable-multilib --with-tune=generic --enable-offload-targets=nvptx-none=/build/gcc-9-9QDOt0/gcc-9-9.4.0/debian/tmp-nvptx/usr,hsa --without-cuda-driver --enable-checking=release --build=x86_64-linux-gnu --host=x86_64-linux-gnu --target=x86_64-linux-gnu]
  ignore line: [Thread model: posix]
  ignore line: [gcc version 9.4.0 (Ubuntu 9.4.0-1ubuntu1~20.04.2) ]
  ignore line: [COMPILER_PATH=/usr/lib/gcc/x86_64-linux-gnu/9/:/usr/lib/gcc/x86_64-linux-gnu/9/:/usr/lib/gcc/x86_64-linux-gnu/:/usr/lib/gcc/x86_64-linux-gnu/9/:/usr/lib/gcc/x86_64-linux-gnu/]
  ignore line: [LIBRARY_PATH=/usr/lib/gcc/x86_64-linux-gnu/9/:/usr/lib/gcc/x86_64-linux-gnu/9/../../../x86_64-linux-gnu/:/usr/lib/gcc/x86_64-linux-gnu/9/../../../../lib/:/lib/x86_64-linux-gnu/:/lib/../lib/:/usr/lib/x86_64-linux-gnu/:/usr/lib/../lib/:/usr/lib/gcc/x86_64-linux-gnu/9/../../../:/lib/:/usr/lib/]
  ignore line: [COLLECT_GCC_OPTIONS='-march=nocona' '-mtune=haswell' '-ftree-vectorize' '-fPIC' '-fstack-protector-strong' '-fno-plt' '-O2' '-ffunction-sections' '-pipe' '-isystem' '/home/zhangify/miniconda3/envs/gpt/include' '-I' '/home/zhangify/miniconda3/envs/gpt/targets/x86_64-linux/include' '-L/home/zhangify/miniconda3/envs/gpt/lib' '-L/home/zhangify/miniconda3/envs/gpt/targets/x86_64-linux/lib' '-L/home/zhangify/miniconda3/envs/gpt/targets/x86_64-linux/lib/stubs' '-v' '-o' 'cmTC_00393']
  link line: [ /usr/lib/gcc/x86_64-linux-gnu/9/collect2 -plugin /usr/lib/gcc/x86_64-linux-gnu/9/liblto_plugin.so -plugin-opt=/usr/lib/gcc/x86_64-linux-gnu/9/lto-wrapper -plugin-opt=-fresolution=/tmp/ccW0J3OH.res -plugin-opt=-pass-through=-lgcc -plugin-opt=-pass-through=-lgcc_s -plugin-opt=-pass-through=-lc -plugin-opt=-pass-through=-lgcc -plugin-opt=-pass-through=-lgcc_s --build-id --eh-frame-hdr -m elf_x86_64 --hash-style=gnu --as-needed -dynamic-linker /lib64/ld-linux-x86-64.so.2 -pie -z now -z relro -o cmTC_00393 /usr/lib/gcc/x86_64-linux-gnu/9/../../../x86_64-linux-gnu/Scrt1.o /usr/lib/gcc/x86_64-linux-gnu/9/../../../x86_64-linux-gnu/crti.o /usr/lib/gcc/x86_64-linux-gnu/9/crtbeginS.o -L/home/zhangify/miniconda3/envs/gpt/lib -L/home/zhangify/miniconda3/envs/gpt/targets/x86_64-linux/lib -L/home/zhangify/miniconda3/envs/gpt/targets/x86_64-linux/lib/stubs -L/usr/lib/gcc/x86_64-linux-gnu/9 -L/usr/lib/gcc/x86_64-linux-gnu/9/../../../x86_64-linux-gnu -L/usr/lib/gcc/x86_64-linux-gnu/9/../../../../lib -L/lib/x86_64-linux-gnu -L/lib/../lib -L/usr/lib/x86_64-linux-gnu -L/usr/lib/../lib -L/usr/lib/gcc/x86_64-linux-gnu/9/../../.. -O2 --sort-common --as-needed -z relro -z now --disable-new-dtags --gc-sections -rpath /home/zhangify/miniconda3/envs/gpt/lib -rpath-link /home/zhangify/miniconda3/envs/gpt/lib CMakeFiles/cmTC_00393.dir/CMakeCCompilerABI.c.o -lgcc --push-state --as-needed -lgcc_s --pop-state -lc -lgcc --push-state --as-needed -lgcc_s --pop-state /usr/lib/gcc/x86_64-linux-gnu/9/crtendS.o /usr/lib/gcc/x86_64-linux-gnu/9/../../../x86_64-linux-gnu/crtn.o]
    arg [/usr/lib/gcc/x86_64-linux-gnu/9/collect2] ==> ignore
    arg [-plugin] ==> ignore
    arg [/usr/lib/gcc/x86_64-linux-gnu/9/liblto_plugin.so] ==> ignore
    arg [-plugin-opt=/usr/lib/gcc/x86_64-linux-gnu/9/lto-wrapper] ==> ignore
    arg [-plugin-opt=-fresolution=/tmp/ccW0J3OH.res] ==> ignore
    arg [-plugin-opt=-pass-through=-lgcc] ==> ignore
    arg [-plugin-opt=-pass-through=-lgcc_s] ==> ignore
    arg [-plugin-opt=-pass-through=-lc] ==> ignore
    arg [-plugin-opt=-pass-through=-lgcc] ==> ignore
    arg [-plugin-opt=-pass-through=-lgcc_s] ==> ignore
    arg [--build-id] ==> ignore
    arg [--eh-frame-hdr] ==> ignore
    arg [-m] ==> ignore
    arg [elf_x86_64] ==> ignore
    arg [--hash-style=gnu] ==> ignore
    arg [--as-needed] ==> ignore
    arg [-dynamic-linker] ==> ignore
    arg [/lib64/ld-linux-x86-64.so.2] ==> ignore
    arg [-pie] ==> ignore
    arg [-znow] ==> ignore
    arg [-zrelro] ==> ignore
    arg [-o] ==> ignore
    arg [cmTC_00393] ==> ignore
    arg [/usr/lib/gcc/x86_64-linux-gnu/9/../../../x86_64-linux-gnu/Scrt1.o] ==> ignore
    arg [/usr/lib/gcc/x86_64-linux-gnu/9/../../../x86_64-linux-gnu/crti.o] ==> ignore
    arg [/usr/lib/gcc/x86_64-linux-gnu/9/crtbeginS.o] ==> ignore
    arg [-L/home/zhangify/miniconda3/envs/gpt/lib] ==> dir [/home/zhangify/miniconda3/envs/gpt/lib]
    arg [-L/home/zhangify/miniconda3/envs/gpt/targets/x86_64-linux/lib] ==> dir [/home/zhangify/miniconda3/envs/gpt/targets/x86_64-linux/lib]
    arg [-L/home/zhangify/miniconda3/envs/gpt/targets/x86_64-linux/lib/stubs] ==> dir [/home/zhangify/miniconda3/envs/gpt/targets/x86_64-linux/lib/stubs]
    arg [-L/usr/lib/gcc/x86_64-linux-gnu/9] ==> dir [/usr/lib/gcc/x86_64-linux-gnu/9]
    arg [-L/usr/lib/gcc/x86_64-linux-gnu/9/../../../x86_64-linux-gnu] ==> dir [/usr/lib/gcc/x86_64-linux-gnu/9/../../../x86_64-linux-gnu]
    arg [-L/usr/lib/gcc/x86_64-linux-gnu/9/../../../../lib] ==> dir [/usr/lib/gcc/x86_64-linux-gnu/9/../../../../lib]
    arg [-L/lib/x86_64-linux-gnu] ==> dir [/lib/x86_64-linux-gnu]
    arg [-L/lib/../lib] ==> dir [/lib/../lib]
    arg [-L/usr/lib/x86_64-linux-gnu] ==> dir [/usr/lib/x86_64-linux-gnu]
    arg [-L/usr/lib/../lib] ==> dir [/usr/lib/../lib]
    arg [-L/usr/lib/gcc/x86_64-linux-gnu/9/../../..] ==> dir [/usr/lib/gcc/x86_64-linux-gnu/9/../../..]
    arg [-O2] ==> ignore
    arg [--sort-common] ==> ignore
    arg [--as-needed] ==> ignore
    arg [-zrelro] ==> ignore
    arg [-znow] ==> ignore
    arg [--disable-new-dtags] ==> ignore
    arg [--gc-sections] ==> ignore
    arg [-rpath] ==> ignore
    arg [/home/zhangify/miniconda3/envs/gpt/lib] ==> ignore
    arg [-rpath-link] ==> ignore
    arg [/home/zhangify/miniconda3/envs/gpt/lib] ==> ignore
    arg [CMakeFiles/cmTC_00393.dir/CMakeCCompilerABI.c.o] ==> ignore
    arg [-lgcc] ==> lib [gcc]
    arg [--push-state] ==> ignore
    arg [--as-needed] ==> ignore
    arg [-lgcc_s] ==> lib [gcc_s]
    arg [--pop-state] ==> ignore
    arg [-lc] ==> lib [c]
    arg [-lgcc] ==> lib [gcc]
    arg [--push-state] ==> ignore
    arg [--as-needed] ==> ignore
    arg [-lgcc_s] ==> lib [gcc_s]
    arg [--pop-state] ==> ignore
    arg [/usr/lib/gcc/x86_64-linux-gnu/9/crtendS.o] ==> ignore
    arg [/usr/lib/gcc/x86_64-linux-gnu/9/../../../x86_64-linux-gnu/crtn.o] ==> ignore
  collapse library dir [/home/zhangify/miniconda3/envs/gpt/lib] ==> [/home/zhangify/miniconda3/envs/gpt/lib]
  collapse library dir [/home/zhangify/miniconda3/envs/gpt/targets/x86_64-linux/lib] ==> [/home/zhangify/miniconda3/envs/gpt/targets/x86_64-linux/lib]
  collapse library dir [/home/zhangify/miniconda3/envs/gpt/targets/x86_64-linux/lib/stubs] ==> [/home/zhangify/miniconda3/envs/gpt/targets/x86_64-linux/lib/stubs]
  collapse library dir [/usr/lib/gcc/x86_64-linux-gnu/9] ==> [/usr/lib/gcc/x86_64-linux-gnu/9]
  collapse library dir [/usr/lib/gcc/x86_64-linux-gnu/9/../../../x86_64-linux-gnu] ==> [/usr/lib/x86_64-linux-gnu]
  collapse library dir [/usr/lib/gcc/x86_64-linux-gnu/9/../../../../lib] ==> [/usr/lib]
  collapse library dir [/lib/x86_64-linux-gnu] ==> [/lib/x86_64-linux-gnu]
  collapse library dir [/lib/../lib] ==> [/lib]
  collapse library dir [/usr/lib/x86_64-linux-gnu] ==> [/usr/lib/x86_64-linux-gnu]
  collapse library dir [/usr/lib/../lib] ==> [/usr/lib]
  collapse library dir [/usr/lib/gcc/x86_64-linux-gnu/9/../../..] ==> [/usr/lib]
  implicit libs: [gcc;gcc_s;c;gcc;gcc_s]
  implicit dirs: [/home/zhangify/miniconda3/envs/gpt/lib;/home/zhangify/miniconda3/envs/gpt/targets/x86_64-linux/lib;/home/zhangify/miniconda3/envs/gpt/targets/x86_64-linux/lib/stubs;/usr/lib/gcc/x86_64-linux-gnu/9;/usr/lib/x86_64-linux-gnu;/usr/lib;/lib/x86_64-linux-gnu;/lib]
  implicit fwks: []




Detecting C [-std=c11] compiler features compiled with the following output:
Change Dir: /home/zhangify/workspace/dlsys_hw/needle/build/CMakeFiles/CMakeTmp

Run Build Command(s):/usr/bin/make cmTC_6087b/fast 
make[1]: Entering directory '/home/zhangify/workspace/dlsys_hw/needle/build/CMakeFiles/CMakeTmp'
/usr/bin/make -f CMakeFiles/cmTC_6087b.dir/build.make CMakeFiles/cmTC_6087b.dir/build
make[2]: Entering directory '/home/zhangify/workspace/dlsys_hw/needle/build/CMakeFiles/CMakeTmp'
Building C object CMakeFiles/cmTC_6087b.dir/feature_tests.c.o
/usr/bin/gcc   -march=nocona -mtune=haswell -ftree-vectorize -fPIC -fstack-protector-strong -fno-plt -O2 -ffunction-sections -pipe -isystem /home/zhangify/miniconda3/envs/gpt/include  -I/home/zhangify/miniconda3/envs/gpt/targets/x86_64-linux/include    -std=c11 -o CMakeFiles/cmTC_6087b.dir/feature_tests.c.o   -c /home/zhangify/workspace/dlsys_hw/needle/build/CMakeFiles/feature_tests.c
Linking C executable cmTC_6087b
/home/zhangify/miniconda3/envs/gpt/bin/cmake -E cmake_link_script CMakeFiles/cmTC_6087b.dir/link.txt --verbose=1
/usr/bin/gcc -march=nocona -mtune=haswell -ftree-vectorize -fPIC -fstack-protector-strong -fno-plt -O2 -ffunction-sections -pipe -isystem /home/zhangify/miniconda3/envs/gpt/include  -I/home/zhangify/miniconda3/envs/gpt/targets/x86_64-linux/include   -Wl,-O2 -Wl,--sort-common -Wl,--as-needed -Wl,-z,relro -Wl,-z,now -Wl,--disable-new-dtags -Wl,--gc-sections -Wl,-rpath,/home/zhangify/miniconda3/envs/gpt/lib -Wl,-rpath-link,/home/zhangify/miniconda3/envs/gpt/lib -L/home/zhangify/miniconda3/envs/gpt/lib  -L/home/zhangify/miniconda3/envs/gpt/targets/x86_64-linux/lib -L/home/zhangify/miniconda3/envs/gpt/targets/x86_64-linux/lib/stubs  CMakeFiles/cmTC_6087b.dir/feature_tests.c.o  -o cmTC_6087b 
make[2]: Leaving directory '/home/zhangify/workspace/dlsys_hw/needle/build/CMakeFiles/CMakeTmp'
make[1]: Leaving directory '/home/zhangify/workspace/dlsys_hw/needle/build/CMakeFiles/CMakeTmp'


    Feature record: C_FEATURE:1c_function_prototypes
    Feature record: C_FEATURE:1c_restrict
    Feature record: C_FEATURE:1c_static_assert
    Feature record: C_FEATURE:1c_variadic_macros


Detecting C [-std=c99] compiler features compiled with the following output:
Change Dir: /home/zhangify/workspace/dlsys_hw/needle/build/CMakeFiles/CMakeTmp

Run Build Command(s):/usr/bin/make cmTC_dc3bb/fast 
make[1]: Entering directory '/home/zhangify/workspace/dlsys_hw/needle/build/CMakeFiles/CMakeTmp'
/usr/bin/make -f CMakeFiles/cmTC_dc3bb.dir/build.make CMakeFiles/cmTC_dc3bb.dir/build
make[2]: Entering directory '/home/zhangify/workspace/dlsys_hw/needle/build/CMakeFiles/CMakeTmp'
Building C object CMakeFiles/cmTC_dc3bb.dir/feature_tests.c.o
/usr/bin/gcc   -march=nocona -mtune=haswell -ftree-vectorize -fPIC -fstack-protector-strong -fno-plt -O2 -ffunction-sections -pipe -isystem /home/zhangify/miniconda3/envs/gpt/include  -I/home/zhangify/miniconda3/envs/gpt/targets/x86_64-linux/include    -std=c99 -o CMakeFiles/cmTC_dc3bb.dir/feature_tests.c.o   -c /home/zhangify/workspace/dlsys_hw/needle/build/CMakeFiles/feature_tests.c
Linking C executable cmTC_dc3bb
/home/zhangify/miniconda3/envs/gpt/bin/cmake -E cmake_link_script CMakeFiles/cmTC_dc3bb.dir/link.txt --verbose=1
/usr/bin/gcc -march=nocona -mtune=haswell -ftree-vectorize -fPIC -fstack-protector-strong -fno-plt -O2 -ffunction-sections -pipe -isystem /home/zhangify/miniconda3/envs/gpt/include  -I/home/zhangify/miniconda3/envs/gpt/targets/x86_64-linux/include   -Wl,-O2 -Wl,--sort-common -Wl,--as-needed -Wl,-z,relro -Wl,-z,now -Wl,--disable-new-dtags -Wl,--gc-sections -Wl,-rpath,/home/zhangify/miniconda3/envs/gpt/lib -Wl,-rpath-link,/home/zhangify/miniconda3/envs/gpt/lib -L/home/zhangify/miniconda3/envs/gpt/lib  -L/home/zhangify/miniconda3/envs/gpt/targets/x86_64-linux/lib -L/home/zhangify/miniconda3/envs/gpt/targets/x86_64-linux/lib/stubs  CMakeFiles/cmTC_dc3bb.dir/feature_tests.c.o  -o cmTC_dc3bb 
make[2]: Leaving directory '/home/zhangify/workspace/dlsys_hw/needle/build/CMakeFiles/CMakeTmp'
make[1]: Leaving directory '/home/zhangify/workspace/dlsys_hw/needle/build/CMakeFiles/CMakeTmp'


    Feature record: C_FEATURE:1c_function_prototypes
    Feature record: C_FEATURE:1c_restrict
    Feature record: C_FEATURE:0c_static_assert
    Feature record: C_FEATURE:1c_variadic_macros


Detecting C [-std=c90] compiler features compiled with the following output:
Change Dir: /home/zhangify/workspace/dlsys_hw/needle/build/CMakeFiles/CMakeTmp

Run Build Command(s):/usr/bin/make cmTC_eb0a5/fast 
make[1]: Entering directory '/home/zhangify/workspace/dlsys_hw/needle/build/CMakeFiles/CMakeTmp'
/usr/bin/make -f CMakeFiles/cmTC_eb0a5.dir/build.make CMakeFiles/cmTC_eb0a5.dir/build
make[2]: Entering directory '/home/zhangify/workspace/dlsys_hw/needle/build/CMakeFiles/CMakeTmp'
Building C object CMakeFiles/cmTC_eb0a5.dir/feature_tests.c.o
/usr/bin/gcc   -march=nocona -mtune=haswell -ftree-vectorize -fPIC -fstack-protector-strong -fno-plt -O2 -ffunction-sections -pipe -isystem /home/zhangify/miniconda3/envs/gpt/include  -I/home/zhangify/miniconda3/envs/gpt/targets/x86_64-linux/include    -std=c90 -o CMakeFiles/cmTC_eb0a5.dir/feature_tests.c.o   -c /home/zhangify/workspace/dlsys_hw/needle/build/CMakeFiles/feature_tests.c
Linking C executable cmTC_eb0a5
/home/zhangify/miniconda3/envs/gpt/bin/cmake -E cmake_link_script CMakeFiles/cmTC_eb0a5.dir/link.txt --verbose=1
/usr/bin/gcc -march=nocona -mtune=haswell -ftree-vectorize -fPIC -fstack-protector-strong -fno-plt -O2 -ffunction-sections -pipe -isystem /home/zhangify/miniconda3/envs/gpt/include  -I/home/zhangify/miniconda3/envs/gpt/targets/x86_64-linux/include   -Wl,-O2 -Wl,--sort-common -Wl,--as-needed -Wl,-z,relro -Wl,-z,now -Wl,--disable-new-dtags -Wl,--gc-sections -Wl,-rpath,/home/zhangify/miniconda3/envs/gpt/lib -Wl,-rpath-link,/home/zhangify/miniconda3/envs/gpt/lib -L/home/zhangify/miniconda3/envs/gpt/lib  -L/home/zhangify/miniconda3/envs/gpt/targets/x86_64-linux/lib -L/home/zhangify/miniconda3/envs/gpt/targets/x86_64-linux/lib/stubs  CMakeFiles/cmTC_eb0a5.dir/feature_tests.c.o  -o cmTC_eb0a5 
make[2]: Leaving directory '/home/zhangify/workspace/dlsys_hw/needle/build/CMakeFiles/CMakeTmp'
make[1]: Leaving directory '/home/zhangify/workspace/dlsys_hw/needle/build/CMakeFiles/CMakeTmp'


    Feature record: C_FEATURE:1c_function_prototypes
    Feature record: C_FEATURE:0c_restrict
    Feature record: C_FEATURE:0c_static_assert
    Feature record: C_FEATURE:0c_variadic_macros
Determining if the CXX compiler works passed with the following output:
Change Dir: /home/zhangify/workspace/dlsys_hw/needle/build/CMakeFiles/CMakeTmp

Run Build Command(s):/usr/bin/make cmTC_8e97e/fast 
make[1]: Entering directory '/home/zhangify/workspace/dlsys_hw/needle/build/CMakeFiles/CMakeTmp'
/usr/bin/make -f CMakeFiles/cmTC_8e97e.dir/build.make CMakeFiles/cmTC_8e97e.dir/build
make[2]: Entering directory '/home/zhangify/workspace/dlsys_hw/needle/build/CMakeFiles/CMakeTmp'
Building CXX object CMakeFiles/cmTC_8e97e.dir/testCXXCompiler.cxx.o
/usr/bin/g++    -fvisibility-inlines-hidden -std=c++17 -fmessage-length=0 -march=nocona -mtune=haswell -ftree-vectorize -fPIC -fstack-protector-strong -fno-plt -O2 -ffunction-sections -pipe -isystem /home/zhangify/miniconda3/envs/gpt/include  -I/home/zhangify/miniconda3/envs/gpt/targets/x86_64-linux/include    -o CMakeFiles/cmTC_8e97e.dir/testCXXCompiler.cxx.o -c /home/zhangify/workspace/dlsys_hw/needle/build/CMakeFiles/CMakeTmp/testCXXCompiler.cxx
Linking CXX executable cmTC_8e97e
/home/zhangify/miniconda3/envs/gpt/bin/cmake -E cmake_link_script CMakeFiles/cmTC_8e97e.dir/link.txt --verbose=1
/usr/bin/g++  -fvisibility-inlines-hidden -std=c++17 -fmessage-length=0 -march=nocona -mtune=haswell -ftree-vectorize -fPIC -fstack-protector-strong -fno-plt -O2 -ffunction-sections -pipe -isystem /home/zhangify/miniconda3/envs/gpt/include  -I/home/zhangify/miniconda3/envs/gpt/targets/x86_64-linux/include   -Wl,-O2 -Wl,--sort-common -Wl,--as-needed -Wl,-z,relro -Wl,-z,now -Wl,--disable-new-dtags -Wl,--gc-sections -Wl,-rpath,/home/zhangify/miniconda3/envs/gpt/lib -Wl,-rpath-link,/home/zhangify/miniconda3/envs/gpt/lib -L/home/zhangify/miniconda3/envs/gpt/lib  -L/home/zhangify/miniconda3/envs/gpt/targets/x86_64-linux/lib -L/home/zhangify/miniconda3/envs/gpt/targets/x86_64-linux/lib/stubs  CMakeFiles/cmTC_8e97e.dir/testCXXCompiler.cxx.o  -o cmTC_8e97e 
make[2]: Leaving directory '/home/zhangify/workspace/dlsys_hw/needle/build/CMakeFiles/CMakeTmp'
make[1]: Leaving directory '/home/zhangify/workspace/dlsys_hw/needle/build/CMakeFiles/CMakeTmp'


Detecting CXX compiler ABI info compiled with the following output:
Change Dir: /home/zhangify/workspace/dlsys_hw/needle/build/CMakeFiles/CMakeTmp

Run Build Command(s):/usr/bin/make cmTC_a8bc9/fast 
make[1]: Entering directory '/home/zhangify/workspace/dlsys_hw/needle/build/CMakeFiles/CMakeTmp'
/usr/bin/make -f CMakeFiles/cmTC_a8bc9.dir/build.make CMakeFiles/cmTC_a8bc9.dir/build
make[2]: Entering directory '/home/zhangify/workspace/dlsys_hw/needle/build/CMakeFiles/CMakeTmp'
Building CXX object CMakeFiles/cmTC_a8bc9.dir/CMakeCXXCompilerABI.cpp.o
/usr/bin/g++    -fvisibility-inlines-hidden -std=c++17 -fmessage-length=0 -march=nocona -mtune=haswell -ftree-vectorize -fPIC -fstack-protector-strong -fno-plt -O2 -ffunction-sections -pipe -isystem /home/zhangify/miniconda3/envs/gpt/include  -I/home/zhangify/miniconda3/envs/gpt/targets/x86_64-linux/include    -v -o CMakeFiles/cmTC_a8bc9.dir/CMakeCXXCompilerABI.cpp.o -c /home/zhangify/miniconda3/envs/gpt/share/cmake-3.14/Modules/CMakeCXXCompilerABI.cpp
Using built-in specs.
COLLECT_GCC=/usr/bin/g++
OFFLOAD_TARGET_NAMES=nvptx-none:hsa
OFFLOAD_TARGET_DEFAULT=1
Target: x86_64-linux-gnu
Configured with: ../src/configure -v --with-pkgversion='Ubuntu 9.4.0-1ubuntu1~20.04.2' --with-bugurl=file:///usr/share/doc/gcc-9/README.Bugs --enable-languages=c,ada,c++,go,brig,d,fortran,objc,obj-c++,gm2 --prefix=/usr --with-gcc-major-version-only --program-suffix=-9 --program-prefix=x86_64-linux-gnu- --enable-shared --enable-linker-build-id --libexecdir=/usr/lib --without-included-gettext --enable-threads=posix --libdir=/usr/lib --enable-nls --enable-clocale=gnu --enable-libstdcxx-debug --enable-libstdcxx-time=yes --with-default-libstdcxx-abi=new --enable-gnu-unique-object --disable-vtable-verify --enable-plugin --enable-default-pie --with-system-zlib --with-target-system-zlib=auto --enable-objc-gc=auto --enable-multiarch --disable-werror --with-arch-32=i686 --with-abi=m64 --with-multilib-list=m32,m64,mx32 --enable-multilib --with-tune=generic --enable-offload-targets=nvptx-none=/build/gcc-9-9QDOt0/gcc-9-9.4.0/debian/tmp-nvptx/usr,hsa --without-cuda-driver --enable-checking=release --build=x86_64-linux-gnu --host=x86_64-linux-gnu --target=x86_64-linux-gnu
Thread model: posix
gcc version 9.4.0 (Ubuntu 9.4.0-1ubuntu1~20.04.2) 
COLLECT_GCC_OPTIONS='-fvisibility-inlines-hidden' '-std=c++17' '-fmessage-length=0' '-march=nocona' '-mtune=haswell' '-ftree-vectorize' '-fPIC' '-fstack-protector-strong' '-fno-plt' '-O2' '-ffunction-sections' '-pipe' '-isystem' '/home/zhangify/miniconda3/envs/gpt/include' '-I' '/home/zhangify/miniconda3/envs/gpt/targets/x86_64-linux/include' '-v' '-o' 'CMakeFiles/cmTC_a8bc9.dir/CMakeCXXCompilerABI.cpp.o' '-c' '-shared-libgcc'
 /usr/lib/gcc/x86_64-linux-gnu/9/cc1plus -quiet -v -I /home/zhangify/miniconda3/envs/gpt/targets/x86_64-linux/include -imultiarch x86_64-linux-gnu -D_GNU_SOURCE -isystem /home/zhangify/miniconda3/envs/gpt/include /home/zhangify/miniconda3/envs/gpt/share/cmake-3.14/Modules/CMakeCXXCompilerABI.cpp -quiet -dumpbase CMakeCXXCompilerABI.cpp -march=nocona -mtune=haswell -auxbase-strip CMakeFiles/cmTC_a8bc9.dir/CMakeCXXCompilerABI.cpp.o -O2 -std=c++17 -version -fvisibility-inlines-hidden -fmessage-length=0 -ftree-vectorize -fPIC -fstack-protector-strong -fno-plt -ffunction-sections -fasynchronous-unwind-tables -fstack-protector-strong -Wformat -Wformat-security -fstack-clash-protection -fcf-protection -o - |
 as -v -I /home/zhangify/miniconda3/envs/gpt/targets/x86_64-linux/include --64 -o CMakeFiles/cmTC_a8bc9.dir/CMakeCXXCompilerABI.cpp.o
GNU assembler version 2.34 (x86_64-linux-gnu) using BFD version (GNU Binutils for Ubuntu) 2.34
GNU C++17 (Ubuntu 9.4.0-1ubuntu1~20.04.2) version 9.4.0 (x86_64-linux-gnu)
	compiled by GNU C version 9.4.0, GMP version 6.2.0, MPFR version 4.0.2, MPC version 1.1.0, isl version isl-0.22.1-GMP

GGC heuristics: --param ggc-min-expand=100 --param ggc-min-heapsize=131072
ignoring duplicate directory "/usr/include/x86_64-linux-gnu/c++/9"
ignoring nonexistent directory "/usr/local/include/x86_64-linux-gnu"
ignoring nonexistent directory "/usr/lib/gcc/x86_64-linux-gnu/9/include-fixed"
ignoring nonexistent directory "/usr/lib/gcc/x86_64-linux-gnu/9/../../../../x86_64-linux-gnu/include"
#include "..." search starts here:
#include <...> search starts here:
 /home/zhangify/miniconda3/envs/gpt/targets/x86_64-linux/include
 /home/zhangify/miniconda3/envs/gpt/include
 /usr/include/c++/9
 /usr/include/x86_64-linux-gnu/c++/9
 /usr/include/c++/9/backward
 /usr/lib/gcc/x86_64-linux-gnu/9/include
 /usr/local/include
 /usr/include/x86_64-linux-gnu
 /usr/include
End of search list.
GNU C++17 (Ubuntu 9.4.0-1ubuntu1~20.04.2) version 9.4.0 (x86_64-linux-gnu)
	compiled by GNU C version 9.4.0, GMP version 6.2.0, MPFR version 4.0.2, MPC version 1.1.0, isl version isl-0.22.1-GMP

GGC heuristics: --param ggc-min-expand=100 --param ggc-min-heapsize=131072
Compiler executable checksum: 3d1eba838554fa2348dba760e4770469
COMPILER_PATH=/usr/lib/gcc/x86_64-linux-gnu/9/:/usr/lib/gcc/x86_64-linux-gnu/9/:/usr/lib/gcc/x86_64-linux-gnu/:/usr/lib/gcc/x86_64-linux-gnu/9/:/usr/lib/gcc/x86_64-linux-gnu/
LIBRARY_PATH=/usr/lib/gcc/x86_64-linux-gnu/9/:/usr/lib/gcc/x86_64-linux-gnu/9/../../../x86_64-linux-gnu/:/usr/lib/gcc/x86_64-linux-gnu/9/../../../../lib/:/lib/x86_64-linux-gnu/:/lib/../lib/:/usr/lib/x86_64-linux-gnu/:/usr/lib/../lib/:/usr/lib/gcc/x86_64-linux-gnu/9/../../../:/lib/:/usr/lib/
COLLECT_GCC_OPTIONS='-fvisibility-inlines-hidden' '-std=c++17' '-fmessage-length=0' '-march=nocona' '-mtune=haswell' '-ftree-vectorize' '-fPIC' '-fstack-protector-strong' '-fno-plt' '-O2' '-ffunction-sections' '-pipe' '-isystem' '/home/zhangify/miniconda3/envs/gpt/include' '-I' '/home/zhangify/miniconda3/envs/gpt/targets/x86_64-linux/include' '-v' '-o' 'CMakeFiles/cmTC_a8bc9.dir/CMakeCXXCompilerABI.cpp.o' '-c' '-shared-libgcc'
Linking CXX executable cmTC_a8bc9
/home/zhangify/miniconda3/envs/gpt/bin/cmake -E cmake_link_script CMakeFiles/cmTC_a8bc9.dir/link.txt --verbose=1
/usr/bin/g++  -fvisibility-inlines-hidden -std=c++17 -fmessage-length=0 -march=nocona -mtune=haswell -ftree-vectorize -fPIC -fstack-protector-strong -fno-plt -O2 -ffunction-sections -pipe -isystem /home/zhangify/miniconda3/envs/gpt/include  -I/home/zhangify/miniconda3/envs/gpt/targets/x86_64-linux/include   -Wl,-O2 -Wl,--sort-common -Wl,--as-needed -Wl,-z,relro -Wl,-z,now -Wl,--disable-new-dtags -Wl,--gc-sections -Wl,-rpath,/home/zhangify/miniconda3/envs/gpt/lib -Wl,-rpath-link,/home/zhangify/miniconda3/envs/gpt/lib -L/home/zhangify/miniconda3/envs/gpt/lib  -L/home/zhangify/miniconda3/envs/gpt/targets/x86_64-linux/lib -L/home/zhangify/miniconda3/envs/gpt/targets/x86_64-linux/lib/stubs -v CMakeFiles/cmTC_a8bc9.dir/CMakeCXXCompilerABI.cpp.o  -o cmTC_a8bc9 
Using built-in specs.
COLLECT_GCC=/usr/bin/g++
COLLECT_LTO_WRAPPER=/usr/lib/gcc/x86_64-linux-gnu/9/lto-wrapper
OFFLOAD_TARGET_NAMES=nvptx-none:hsa
OFFLOAD_TARGET_DEFAULT=1
Target: x86_64-linux-gnu
Configured with: ../src/configure -v --with-pkgversion='Ubuntu 9.4.0-1ubuntu1~20.04.2' --with-bugurl=file:///usr/share/doc/gcc-9/README.Bugs --enable-languages=c,ada,c++,go,brig,d,fortran,objc,obj-c++,gm2 --prefix=/usr --with-gcc-major-version-only --program-suffix=-9 --program-prefix=x86_64-linux-gnu- --enable-shared --enable-linker-build-id --libexecdir=/usr/lib --without-included-gettext --enable-threads=posix --libdir=/usr/lib --enable-nls --enable-clocale=gnu --enable-libstdcxx-debug --enable-libstdcxx-time=yes --with-default-libstdcxx-abi=new --enable-gnu-unique-object --disable-vtable-verify --enable-plugin --enable-default-pie --with-system-zlib --with-target-system-zlib=auto --enable-objc-gc=auto --enable-multiarch --disable-werror --with-arch-32=i686 --with-abi=m64 --with-multilib-list=m32,m64,mx32 --enable-multilib --with-tune=generic --enable-offload-targets=nvptx-none=/build/gcc-9-9QDOt0/gcc-9-9.4.0/debian/tmp-nvptx/usr,hsa --without-cuda-driver --enable-checking=release --build=x86_64-linux-gnu --host=x86_64-linux-gnu --target=x86_64-linux-gnu
Thread model: posix
gcc version 9.4.0 (Ubuntu 9.4.0-1ubuntu1~20.04.2) 
COMPILER_PATH=/usr/lib/gcc/x86_64-linux-gnu/9/:/usr/lib/gcc/x86_64-linux-gnu/9/:/usr/lib/gcc/x86_64-linux-gnu/:/usr/lib/gcc/x86_64-linux-gnu/9/:/usr/lib/gcc/x86_64-linux-gnu/
LIBRARY_PATH=/usr/lib/gcc/x86_64-linux-gnu/9/:/usr/lib/gcc/x86_64-linux-gnu/9/../../../x86_64-linux-gnu/:/usr/lib/gcc/x86_64-linux-gnu/9/../../../../lib/:/lib/x86_64-linux-gnu/:/lib/../lib/:/usr/lib/x86_64-linux-gnu/:/usr/lib/../lib/:/usr/lib/gcc/x86_64-linux-gnu/9/../../../:/lib/:/usr/lib/
COLLECT_GCC_OPTIONS='-fvisibility-inlines-hidden' '-std=c++17' '-fmessage-length=0' '-march=nocona' '-mtune=haswell' '-ftree-vectorize' '-fPIC' '-fstack-protector-strong' '-fno-plt' '-O2' '-ffunction-sections' '-pipe' '-isystem' '/home/zhangify/miniconda3/envs/gpt/include' '-I' '/home/zhangify/miniconda3/envs/gpt/targets/x86_64-linux/include' '-L/home/zhangify/miniconda3/envs/gpt/lib' '-L/home/zhangify/miniconda3/envs/gpt/targets/x86_64-linux/lib' '-L/home/zhangify/miniconda3/envs/gpt/targets/x86_64-linux/lib/stubs' '-v' '-o' 'cmTC_a8bc9' '-shared-libgcc'
 /usr/lib/gcc/x86_64-linux-gnu/9/collect2 -plugin /usr/lib/gcc/x86_64-linux-gnu/9/liblto_plugin.so -plugin-opt=/usr/lib/gcc/x86_64-linux-gnu/9/lto-wrapper -plugin-opt=-fresolution=/tmp/ccoh6nLC.res -plugin-opt=-pass-through=-lgcc_s -plugin-opt=-pass-through=-lgcc -plugin-opt=-pass-through=-lc -plugin-opt=-pass-through=-lgcc_s -plugin-opt=-pass-through=-lgcc --build-id --eh-frame-hdr -m elf_x86_64 --hash-style=gnu --as-needed -dynamic-linker /lib64/ld-linux-x86-64.so.2 -pie -z now -z relro -o cmTC_a8bc9 /usr/lib/gcc/x86_64-linux-gnu/9/../../../x86_64-linux-gnu/Scrt1.o /usr/lib/gcc/x86_64-linux-gnu/9/../../../x86_64-linux-gnu/crti.o /usr/lib/gcc/x86_64-linux-gnu/9/crtbeginS.o -L/home/zhangify/miniconda3/envs/gpt/lib -L/home/zhangify/miniconda3/envs/gpt/targets/x86_64-linux/lib -L/home/zhangify/miniconda3/envs/gpt/targets/x86_64-linux/lib/stubs -L/usr/lib/gcc/x86_64-linux-gnu/9 -L/usr/lib/gcc/x86_64-linux-gnu/9/../../../x86_64-linux-gnu -L/usr/lib/gcc/x86_64-linux-gnu/9/../../../../lib -L/lib/x86_64-linux-gnu -L/lib/../lib -L/usr/lib/x86_64-linux-gnu -L/usr/lib/../lib -L/usr/lib/gcc/x86_64-linux-gnu/9/../../.. -O2 --sort-common --as-needed -z relro -z now --disable-new-dtags --gc-sections -rpath /home/zhangify/miniconda3/envs/gpt/lib -rpath-link /home/zhangify/miniconda3/envs/gpt/lib CMakeFiles/cmTC_a8bc9.dir/CMakeCXXCompilerABI.cpp.o -lstdc++ -lm -lgcc_s -lgcc -lc -lgcc_s -lgcc /usr/lib/gcc/x86_64-linux-gnu/9/crtendS.o /usr/lib/gcc/x86_64-linux-gnu/9/../../../x86_64-linux-gnu/crtn.o
COLLECT_GCC_OPTIONS='-fvisibility-inlines-hidden' '-std=c++17' '-fmessage-length=0' '-march=nocona' '-mtune=haswell' '-ftree-vectorize' '-fPIC' '-fstack-protector-strong' '-fno-plt' '-O2' '-ffunction-sections' '-pipe' '-isystem' '/home/zhangify/miniconda3/envs/gpt/include' '-I' '/home/zhangify/miniconda3/envs/gpt/targets/x86_64-linux/include' '-L/home/zhangify/miniconda3/envs/gpt/lib' '-L/home/zhangify/miniconda3/envs/gpt/targets/x86_64-linux/lib' '-L/home/zhangify/miniconda3/envs/gpt/targets/x86_64-linux/lib/stubs' '-v' '-o' 'cmTC_a8bc9' '-shared-libgcc'
make[2]: Leaving directory '/home/zhangify/workspace/dlsys_hw/needle/build/CMakeFiles/CMakeTmp'
make[1]: Leaving directory '/home/zhangify/workspace/dlsys_hw/needle/build/CMakeFiles/CMakeTmp'


Parsed CXX implicit include dir info from above output: rv=done
  found start of include info
  found start of implicit include info
    add: [/home/zhangify/miniconda3/envs/gpt/targets/x86_64-linux/include]
    add: [/home/zhangify/miniconda3/envs/gpt/include]
    add: [/usr/include/c++/9]
    add: [/usr/include/x86_64-linux-gnu/c++/9]
    add: [/usr/include/c++/9/backward]
    add: [/usr/lib/gcc/x86_64-linux-gnu/9/include]
    add: [/usr/local/include]
    add: [/usr/include/x86_64-linux-gnu]
    add: [/usr/include]
  end of search list found
  implicit include dirs: [/home/zhangify/miniconda3/envs/gpt/targets/x86_64-linux/include;/home/zhangify/miniconda3/envs/gpt/include;/usr/include/c++/9;/usr/include/x86_64-linux-gnu/c++/9;/usr/include/c++/9/backward;/usr/lib/gcc/x86_64-linux-gnu/9/include;/usr/local/include;/usr/include/x86_64-linux-gnu;/usr/include]


Parsed CXX implicit link information from above output:
  link line regex: [^( *|.*[/\])(ld|CMAKE_LINK_STARTFILE-NOTFOUND|([^/\]+-)?ld|collect2)[^/\]*( |$)]
  ignore line: [Change Dir: /home/zhangify/workspace/dlsys_hw/needle/build/CMakeFiles/CMakeTmp]
  ignore line: []
  ignore line: [Run Build Command(s):/usr/bin/make cmTC_a8bc9/fast ]
  ignore line: [make[1]: Entering directory '/home/zhangify/workspace/dlsys_hw/needle/build/CMakeFiles/CMakeTmp']
  ignore line: [/usr/bin/make -f CMakeFiles/cmTC_a8bc9.dir/build.make CMakeFiles/cmTC_a8bc9.dir/build]
  ignore line: [make[2]: Entering directory '/home/zhangify/workspace/dlsys_hw/needle/build/CMakeFiles/CMakeTmp']
  ignore line: [Building CXX object CMakeFiles/cmTC_a8bc9.dir/CMakeCXXCompilerABI.cpp.o]
  ignore line: [/usr/bin/g++    -fvisibility-inlines-hidden -std=c++17 -fmessage-length=0 -march=nocona -mtune=haswell -ftree-vectorize -fPIC -fstack-protector-strong -fno-plt -O2 -ffunction-sections -pipe -isystem /home/zhangify/miniconda3/envs/gpt/include  -I/home/zhangify/miniconda3/envs/gpt/targets/x86_64-linux/include    -v -o CMakeFiles/cmTC_a8bc9.dir/CMakeCXXCompilerABI.cpp.o -c /home/zhangify/miniconda3/envs/gpt/share/cmake-3.14/Modules/CMakeCXXCompilerABI.cpp]
  ignore line: [Using built-in specs.]
  ignore line: [COLLECT_GCC=/usr/bin/g++]
  ignore line: [OFFLOAD_TARGET_NAMES=nvptx-none:hsa]
  ignore line: [OFFLOAD_TARGET_DEFAULT=1]
  ignore line: [Target: x86_64-linux-gnu]
  ignore line: [Configured with: ../src/configure -v --with-pkgversion='Ubuntu 9.4.0-1ubuntu1~20.04.2' --with-bugurl=file:///usr/share/doc/gcc-9/README.Bugs --enable-languages=c,ada,c++,go,brig,d,fortran,objc,obj-c++,gm2 --prefix=/usr --with-gcc-major-version-only --program-suffix=-9 --program-prefix=x86_64-linux-gnu- --enable-shared --enable-linker-build-id --libexecdir=/usr/lib --without-included-gettext --enable-threads=posix --libdir=/usr/lib --enable-nls --enable-clocale=gnu --enable-libstdcxx-debug --enable-libstdcxx-time=yes --with-default-libstdcxx-abi=new --enable-gnu-unique-object --disable-vtable-verify --enable-plugin --enable-default-pie --with-system-zlib --with-target-system-zlib=auto --enable-objc-gc=auto --enable-multiarch --disable-werror --with-arch-32=i686 --with-abi=m64 --with-multilib-list=m32,m64,mx32 --enable-multilib --with-tune=generic --enable-offload-targets=nvptx-none=/build/gcc-9-9QDOt0/gcc-9-9.4.0/debian/tmp-nvptx/usr,hsa --without-cuda-driver --enable-checking=release --build=x86_64-linux-gnu --host=x86_64-linux-gnu --target=x86_64-linux-gnu]
  ignore line: [Thread model: posix]
  ignore line: [gcc version 9.4.0 (Ubuntu 9.4.0-1ubuntu1~20.04.2) ]
  ignore line: [COLLECT_GCC_OPTIONS='-fvisibility-inlines-hidden' '-std=c++17' '-fmessage-length=0' '-march=nocona' '-mtune=haswell' '-ftree-vectorize' '-fPIC' '-fstack-protector-strong' '-fno-plt' '-O2' '-ffunction-sections' '-pipe' '-isystem' '/home/zhangify/miniconda3/envs/gpt/include' '-I' '/home/zhangify/miniconda3/envs/gpt/targets/x86_64-linux/include' '-v' '-o' 'CMakeFiles/cmTC_a8bc9.dir/CMakeCXXCompilerABI.cpp.o' '-c' '-shared-libgcc']
  ignore line: [ /usr/lib/gcc/x86_64-linux-gnu/9/cc1plus -quiet -v -I /home/zhangify/miniconda3/envs/gpt/targets/x86_64-linux/include -imultiarch x86_64-linux-gnu -D_GNU_SOURCE -isystem /home/zhangify/miniconda3/envs/gpt/include /home/zhangify/miniconda3/envs/gpt/share/cmake-3.14/Modules/CMakeCXXCompilerABI.cpp -quiet -dumpbase CMakeCXXCompilerABI.cpp -march=nocona -mtune=haswell -auxbase-strip CMakeFiles/cmTC_a8bc9.dir/CMakeCXXCompilerABI.cpp.o -O2 -std=c++17 -version -fvisibility-inlines-hidden -fmessage-length=0 -ftree-vectorize -fPIC -fstack-protector-strong -fno-plt -ffunction-sections -fasynchronous-unwind-tables -fstack-protector-strong -Wformat -Wformat-security -fstack-clash-protection -fcf-protection -o - |]
  ignore line: [ as -v -I /home/zhangify/miniconda3/envs/gpt/targets/x86_64-linux/include --64 -o CMakeFiles/cmTC_a8bc9.dir/CMakeCXXCompilerABI.cpp.o]
  ignore line: [GNU assembler version 2.34 (x86_64-linux-gnu) using BFD version (GNU Binutils for Ubuntu) 2.34]
  ignore line: [GNU C++17 (Ubuntu 9.4.0-1ubuntu1~20.04.2) version 9.4.0 (x86_64-linux-gnu)]
  ignore line: [	compiled by GNU C version 9.4.0, GMP version 6.2.0, MPFR version 4.0.2, MPC version 1.1.0, isl version isl-0.22.1-GMP]
  ignore line: []
  ignore line: [GGC heuristics: --param ggc-min-expand=100 --param ggc-min-heapsize=131072]
  ignore line: [ignoring duplicate directory "/usr/include/x86_64-linux-gnu/c++/9"]
  ignore line: [ignoring nonexistent directory "/usr/local/include/x86_64-linux-gnu"]
  ignore line: [ignoring nonexistent directory "/usr/lib/gcc/x86_64-linux-gnu/9/include-fixed"]
  ignore line: [ignoring nonexistent directory "/usr/lib/gcc/x86_64-linux-gnu/9/../../../../x86_64-linux-gnu/include"]
  ignore line: [#include "..." search starts here:]
  ignore line: [#include <...> search starts here:]
  ignore line: [ /home/zhangify/miniconda3/envs/gpt/targets/x86_64-linux/include]
  ignore line: [ /home/zhangify/miniconda3/envs/gpt/include]
  ignore line: [ /usr/include/c++/9]
  ignore line: [ /usr/include/x86_64-linux-gnu/c++/9]
  ignore line: [ /usr/include/c++/9/backward]
  ignore line: [ /usr/lib/gcc/x86_64-linux-gnu/9/include]
  ignore line: [ /usr/local/include]
  ignore line: [ /usr/include/x86_64-linux-gnu]
  ignore line: [ /usr/include]
  ignore line: [End of search list.]
  ignore line: [GNU C++17 (Ubuntu 9.4.0-1ubuntu1~20.04.2) version 9.4.0 (x86_64-linux-gnu)]
  ignore line: [	compiled by GNU C version 9.4.0, GMP version 6.2.0, MPFR version 4.0.2, MPC version 1.1.0, isl version isl-0.22.1-GMP]
  ignore line: []
  ignore line: [GGC heuristics: --param ggc-min-expand=100 --param ggc-min-heapsize=131072]
  ignore line: [Compiler executable checksum: 3d1eba838554fa2348dba760e4770469]
  ignore line: [COMPILER_PATH=/usr/lib/gcc/x86_64-linux-gnu/9/:/usr/lib/gcc/x86_64-linux-gnu/9/:/usr/lib/gcc/x86_64-linux-gnu/:/usr/lib/gcc/x86_64-linux-gnu/9/:/usr/lib/gcc/x86_64-linux-gnu/]
  ignore line: [LIBRARY_PATH=/usr/lib/gcc/x86_64-linux-gnu/9/:/usr/lib/gcc/x86_64-linux-gnu/9/../../../x86_64-linux-gnu/:/usr/lib/gcc/x86_64-linux-gnu/9/../../../../lib/:/lib/x86_64-linux-gnu/:/lib/../lib/:/usr/lib/x86_64-linux-gnu/:/usr/lib/../lib/:/usr/lib/gcc/x86_64-linux-gnu/9/../../../:/lib/:/usr/lib/]
  ignore line: [COLLECT_GCC_OPTIONS='-fvisibility-inlines-hidden' '-std=c++17' '-fmessage-length=0' '-march=nocona' '-mtune=haswell' '-ftree-vectorize' '-fPIC' '-fstack-protector-strong' '-fno-plt' '-O2' '-ffunction-sections' '-pipe' '-isystem' '/home/zhangify/miniconda3/envs/gpt/include' '-I' '/home/zhangify/miniconda3/envs/gpt/targets/x86_64-linux/include' '-v' '-o' 'CMakeFiles/cmTC_a8bc9.dir/CMakeCXXCompilerABI.cpp.o' '-c' '-shared-libgcc']
  ignore line: [Linking CXX executable cmTC_a8bc9]
  ignore line: [/home/zhangify/miniconda3/envs/gpt/bin/cmake -E cmake_link_script CMakeFiles/cmTC_a8bc9.dir/link.txt --verbose=1]
  ignore line: [/usr/bin/g++  -fvisibility-inlines-hidden -std=c++17 -fmessage-length=0 -march=nocona -mtune=haswell -ftree-vectorize -fPIC -fstack-protector-strong -fno-plt -O2 -ffunction-sections -pipe -isystem /home/zhangify/miniconda3/envs/gpt/include  -I/home/zhangify/miniconda3/envs/gpt/targets/x86_64-linux/include   -Wl,-O2 -Wl,--sort-common -Wl,--as-needed -Wl,-z,relro -Wl,-z,now -Wl,--disable-new-dtags -Wl,--gc-sections -Wl,-rpath,/home/zhangify/miniconda3/envs/gpt/lib -Wl,-rpath-link,/home/zhangify/miniconda3/envs/gpt/lib -L/home/zhangify/miniconda3/envs/gpt/lib  -L/home/zhangify/miniconda3/envs/gpt/targets/x86_64-linux/lib -L/home/zhangify/miniconda3/envs/gpt/targets/x86_64-linux/lib/stubs -v CMakeFiles/cmTC_a8bc9.dir/CMakeCXXCompilerABI.cpp.o  -o cmTC_a8bc9 ]
  ignore line: [Using built-in specs.]
  ignore line: [COLLECT_GCC=/usr/bin/g++]
  ignore line: [COLLECT_LTO_WRAPPER=/usr/lib/gcc/x86_64-linux-gnu/9/lto-wrapper]
  ignore line: [OFFLOAD_TARGET_NAMES=nvptx-none:hsa]
  ignore line: [OFFLOAD_TARGET_DEFAULT=1]
  ignore line: [Target: x86_64-linux-gnu]
  ignore line: [Configured with: ../src/configure -v --with-pkgversion='Ubuntu 9.4.0-1ubuntu1~20.04.2' --with-bugurl=file:///usr/share/doc/gcc-9/README.Bugs --enable-languages=c,ada,c++,go,brig,d,fortran,objc,obj-c++,gm2 --prefix=/usr --with-gcc-major-version-only --program-suffix=-9 --program-prefix=x86_64-linux-gnu- --enable-shared --enable-linker-build-id --libexecdir=/usr/lib --without-included-gettext --enable-threads=posix --libdir=/usr/lib --enable-nls --enable-clocale=gnu --enable-libstdcxx-debug --enable-libstdcxx-time=yes --with-default-libstdcxx-abi=new --enable-gnu-unique-object --disable-vtable-verify --enable-plugin --enable-default-pie --with-system-zlib --with-target-system-zlib=auto --enable-objc-gc=auto --enable-multiarch --disable-werror --with-arch-32=i686 --with-abi=m64 --with-multilib-list=m32,m64,mx32 --enable-multilib --with-tune=generic --enable-offload-targets=nvptx-none=/build/gcc-9-9QDOt0/gcc-9-9.4.0/debian/tmp-nvptx/usr,hsa --without-cuda-driver --enable-checking=release --build=x86_64-linux-gnu --host=x86_64-linux-gnu --target=x86_64-linux-gnu]
  ignore line: [Thread model: posix]
  ignore line: [gcc version 9.4.0 (Ubuntu 9.4.0-1ubuntu1~20.04.2) ]
  ignore line: [COMPILER_PATH=/usr/lib/gcc/x86_64-linux-gnu/9/:/usr/lib/gcc/x86_64-linux-gnu/9/:/usr/lib/gcc/x86_64-linux-gnu/:/usr/lib/gcc/x86_64-linux-gnu/9/:/usr/lib/gcc/x86_64-linux-gnu/]
  ignore line: [LIBRARY_PATH=/usr/lib/gcc/x86_64-linux-gnu/9/:/usr/lib/gcc/x86_64-linux-gnu/9/../../../x86_64-linux-gnu/:/usr/lib/gcc/x86_64-linux-gnu/9/../../../../lib/:/lib/x86_64-linux-gnu/:/lib/../lib/:/usr/lib/x86_64-linux-gnu/:/usr/lib/../lib/:/usr/lib/gcc/x86_64-linux-gnu/9/../../../:/lib/:/usr/lib/]
  ignore line: [COLLECT_GCC_OPTIONS='-fvisibility-inlines-hidden' '-std=c++17' '-fmessage-length=0' '-march=nocona' '-mtune=haswell' '-ftree-vectorize' '-fPIC' '-fstack-protector-strong' '-fno-plt' '-O2' '-ffunction-sections' '-pipe' '-isystem' '/home/zhangify/miniconda3/envs/gpt/include' '-I' '/home/zhangify/miniconda3/envs/gpt/targets/x86_64-linux/include' '-L/home/zhangify/miniconda3/envs/gpt/lib' '-L/home/zhangify/miniconda3/envs/gpt/targets/x86_64-linux/lib' '-L/home/zhangify/miniconda3/envs/gpt/targets/x86_64-linux/lib/stubs' '-v' '-o' 'cmTC_a8bc9' '-shared-libgcc']
  link line: [ /usr/lib/gcc/x86_64-linux-gnu/9/collect2 -plugin /usr/lib/gcc/x86_64-linux-gnu/9/liblto_plugin.so -plugin-opt=/usr/lib/gcc/x86_64-linux-gnu/9/lto-wrapper -plugin-opt=-fresolution=/tmp/ccoh6nLC.res -plugin-opt=-pass-through=-lgcc_s -plugin-opt=-pass-through=-lgcc -plugin-opt=-pass-through=-lc -plugin-opt=-pass-through=-lgcc_s -plugin-opt=-pass-through=-lgcc --build-id --eh-frame-hdr -m elf_x86_64 --hash-style=gnu --as-needed -dynamic-linker /lib64/ld-linux-x86-64.so.2 -pie -z now -z relro -o cmTC_a8bc9 /usr/lib/gcc/x86_64-linux-gnu/9/../../../x86_64-linux-gnu/Scrt1.o /usr/lib/gcc/x86_64-linux-gnu/9/../../../x86_64-linux-gnu/crti.o /usr/lib/gcc/x86_64-linux-gnu/9/crtbeginS.o -L/home/zhangify/miniconda3/envs/gpt/lib -L/home/zhangify/miniconda3/envs/gpt/targets/x86_64-linux/lib -L/home/zhangify/miniconda3/envs/gpt/targets/x86_64-linux/lib/stubs -L/usr/lib/gcc/x86_64-linux-gnu/9 -L/usr/lib/gcc/x86_64-linux-gnu/9/../../../x86_64-linux-gnu -L/usr/lib/gcc/x86_64-linux-gnu/9/../../../../lib -L/lib/x86_64-linux-gnu -L/lib/../lib -L/usr/lib/x86_64-linux-gnu -L/usr/lib/../lib -L/usr/lib/gcc/x86_64-linux-gnu/9/../../.. -O2 --sort-common --as-needed -z relro -z now --disable-new-dtags --gc-sections -rpath /home/zhangify/miniconda3/envs/gpt/lib -rpath-link /home/zhangify/miniconda3/envs/gpt/lib CMakeFiles/cmTC_a8bc9.dir/CMakeCXXCompilerABI.cpp.o -lstdc++ -lm -lgcc_s -lgcc -lc -lgcc_s -lgcc /usr/lib/gcc/x86_64-linux-gnu/9/crtendS.o /usr/lib/gcc/x86_64-linux-gnu/9/../../../x86_64-linux-gnu/crtn.o]
    arg [/usr/lib/gcc/x86_64-linux-gnu/9/collect2] ==> ignore
    arg [-plugin] ==> ignore
    arg [/usr/lib/gcc/x86_64-linux-gnu/9/liblto_plugin.so] ==> ignore
    arg [-plugin-opt=/usr/lib/gcc/x86_64-linux-gnu/9/lto-wrapper] ==> ignore
    arg [-plugin-opt=-fresolution=/tmp/ccoh6nLC.res] ==> ignore
    arg [-plugin-opt=-pass-through=-lgcc_s] ==> ignore
    arg [-plugin-opt=-pass-through=-lgcc] ==> ignore
    arg [-plugin-opt=-pass-through=-lc] ==> ignore
    arg [-plugin-opt=-pass-through=-lgcc_s] ==> ignore
    arg [-plugin-opt=-pass-through=-lgcc] ==> ignore
    arg [--build-id] ==> ignore
    arg [--eh-frame-hdr] ==> ignore
    arg [-m] ==> ignore
    arg [elf_x86_64] ==> ignore
    arg [--hash-style=gnu] ==> ignore
    arg [--as-needed] ==> ignore
    arg [-dynamic-linker] ==> ignore
    arg [/lib64/ld-linux-x86-64.so.2] ==> ignore
    arg [-pie] ==> ignore
    arg [-znow] ==> ignore
    arg [-zrelro] ==> ignore
    arg [-o] ==> ignore
    arg [cmTC_a8bc9] ==> ignore
    arg [/usr/lib/gcc/x86_64-linux-gnu/9/../../../x86_64-linux-gnu/Scrt1.o] ==> ignore
    arg [/usr/lib/gcc/x86_64-linux-gnu/9/../../../x86_64-linux-gnu/crti.o] ==> ignore
    arg [/usr/lib/gcc/x86_64-linux-gnu/9/crtbeginS.o] ==> ignore
    arg [-L/home/zhangify/miniconda3/envs/gpt/lib] ==> dir [/home/zhangify/miniconda3/envs/gpt/lib]
    arg [-L/home/zhangify/miniconda3/envs/gpt/targets/x86_64-linux/lib] ==> dir [/home/zhangify/miniconda3/envs/gpt/targets/x86_64-linux/lib]
    arg [-L/home/zhangify/miniconda3/envs/gpt/targets/x86_64-linux/lib/stubs] ==> dir [/home/zhangify/miniconda3/envs/gpt/targets/x86_64-linux/lib/stubs]
    arg [-L/usr/lib/gcc/x86_64-linux-gnu/9] ==> dir [/usr/lib/gcc/x86_64-linux-gnu/9]
    arg [-L/usr/lib/gcc/x86_64-linux-gnu/9/../../../x86_64-linux-gnu] ==> dir [/usr/lib/gcc/x86_64-linux-gnu/9/../../../x86_64-linux-gnu]
    arg [-L/usr/lib/gcc/x86_64-linux-gnu/9/../../../../lib] ==> dir [/usr/lib/gcc/x86_64-linux-gnu/9/../../../../lib]
    arg [-L/lib/x86_64-linux-gnu] ==> dir [/lib/x86_64-linux-gnu]
    arg [-L/lib/../lib] ==> dir [/lib/../lib]
    arg [-L/usr/lib/x86_64-linux-gnu] ==> dir [/usr/lib/x86_64-linux-gnu]
    arg [-L/usr/lib/../lib] ==> dir [/usr/lib/../lib]
    arg [-L/usr/lib/gcc/x86_64-linux-gnu/9/../../..] ==> dir [/usr/lib/gcc/x86_64-linux-gnu/9/../../..]
    arg [-O2] ==> ignore
    arg [--sort-common] ==> ignore
    arg [--as-needed] ==> ignore
    arg [-zrelro] ==> ignore
    arg [-znow] ==> ignore
    arg [--disable-new-dtags] ==> ignore
    arg [--gc-sections] ==> ignore
    arg [-rpath] ==> ignore
    arg [/home/zhangify/miniconda3/envs/gpt/lib] ==> ignore
    arg [-rpath-link] ==> ignore
    arg [/home/zhangify/miniconda3/envs/gpt/lib] ==> ignore
    arg [CMakeFiles/cmTC_a8bc9.dir/CMakeCXXCompilerABI.cpp.o] ==> ignore
    arg [-lstdc++] ==> lib [stdc++]
    arg [-lm] ==> lib [m]
    arg [-lgcc_s] ==> lib [gcc_s]
    arg [-lgcc] ==> lib [gcc]
    arg [-lc] ==> lib [c]
    arg [-lgcc_s] ==> lib [gcc_s]
    arg [-lgcc] ==> lib [gcc]
    arg [/usr/lib/gcc/x86_64-linux-gnu/9/crtendS.o] ==> ignore
    arg [/usr/lib/gcc/x86_64-linux-gnu/9/../../../x86_64-linux-gnu/crtn.o] ==> ignore
  collapse library dir [/home/zhangify/miniconda3/envs/gpt/lib] ==> [/home/zhangify/miniconda3/envs/gpt/lib]
  collapse library dir [/home/zhangify/miniconda3/envs/gpt/targets/x86_64-linux/lib] ==> [/home/zhangify/miniconda3/envs/gpt/targets/x86_64-linux/lib]
  collapse library dir [/home/zhangify/miniconda3/envs/gpt/targets/x86_64-linux/lib/stubs] ==> [/home/zhangify/miniconda3/envs/gpt/targets/x86_64-linux/lib/stubs]
  collapse library dir [/usr/lib/gcc/x86_64-linux-gnu/9] ==> [/usr/lib/gcc/x86_64-linux-gnu/9]
  collapse library dir [/usr/lib/gcc/x86_64-linux-gnu/9/../../../x86_64-linux-gnu] ==> [/usr/lib/x86_64-linux-gnu]
  collapse library dir [/usr/lib/gcc/x86_64-linux-gnu/9/../../../../lib] ==> [/usr/lib]
  collapse library dir [/lib/x86_64-linux-gnu] ==> [/lib/x86_64-linux-gnu]
  collapse library dir [/lib/../lib] ==> [/lib]
  collapse library dir [/usr/lib/x86_64-linux-gnu] ==> [/usr/lib/x86_64-linux-gnu]
  collapse library dir [/usr/lib/../lib] ==> [/usr/lib]
  collapse library dir [/usr/lib/gcc/x86_64-linux-gnu/9/../../..] ==> [/usr/lib]
  implicit libs: [stdc++;m;gcc_s;gcc;c;gcc_s;gcc]
  implicit dirs: [/home/zhangify/miniconda3/envs/gpt/lib;/home/zhangify/miniconda3/envs/gpt/targets/x86_64-linux/lib;/home/zhangify/miniconda3/envs/gpt/targets/x86_64-linux/lib/stubs;/usr/lib/gcc/x86_64-linux-gnu/9;/usr/lib/x86_64-linux-gnu;/usr/lib;/lib/x86_64-linux-gnu;/lib]
  implicit fwks: []




Detecting CXX [-std=c++2a] compiler features compiled with the following output:
Change Dir: /home/zhangify/workspace/dlsys_hw/needle/build/CMakeFiles/CMakeTmp

Run Build Command(s):/usr/bin/make cmTC_de633/fast 
make[1]: Entering directory '/home/zhangify/workspace/dlsys_hw/needle/build/CMakeFiles/CMakeTmp'
/usr/bin/make -f CMakeFiles/cmTC_de633.dir/build.make CMakeFiles/cmTC_de633.dir/build
make[2]: Entering directory '/home/zhangify/workspace/dlsys_hw/needle/build/CMakeFiles/CMakeTmp'
Building CXX object CMakeFiles/cmTC_de633.dir/feature_tests.cxx.o
/usr/bin/g++    -fvisibility-inlines-hidden -std=c++17 -fmessage-length=0 -march=nocona -mtune=haswell -ftree-vectorize -fPIC -fstack-protector-strong -fno-plt -O2 -ffunction-sections -pipe -isystem /home/zhangify/miniconda3/envs/gpt/include  -I/home/zhangify/miniconda3/envs/gpt/targets/x86_64-linux/include    -std=c++2a -o CMakeFiles/cmTC_de633.dir/feature_tests.cxx.o -c /home/zhangify/workspace/dlsys_hw/needle/build/CMakeFiles/feature_tests.cxx
Linking CXX executable cmTC_de633
/home/zhangify/miniconda3/envs/gpt/bin/cmake -E cmake_link_script CMakeFiles/cmTC_de633.dir/link.txt --verbose=1
/usr/bin/g++  -fvisibility-inlines-hidden -std=c++17 -fmessage-length=0 -march=nocona -mtune=haswell -ftree-vectorize -fPIC -fstack-protector-strong -fno-plt -O2 -ffunction-sections -pipe -isystem /home/zhangify/miniconda3/envs/gpt/include  -I/home/zhangify/miniconda3/envs/gpt/targets/x86_64-linux/include   -Wl,-O2 -Wl,--sort-common -Wl,--as-needed -Wl,-z,relro -Wl,-z,now -Wl,--disable-new-dtags -Wl,--gc-sections -Wl,-rpath,/home/zhangify/miniconda3/envs/gpt/lib -Wl,-rpath-link,/home/zhangify/miniconda3/envs/gpt/lib -L/home/zhangify/miniconda3/envs/gpt/lib  -L/home/zhangify/miniconda3/envs/gpt/targets/x86_64-linux/lib -L/home/zhangify/miniconda3/envs/gpt/targets/x86_64-linux/lib/stubs  CMakeFiles/cmTC_de633.dir/feature_tests.cxx.o  -o cmTC_de633 
make[2]: Leaving directory '/home/zhangify/workspace/dlsys_hw/needle/build/CMakeFiles/CMakeTmp'
make[1]: Leaving directory '/home/zhangify/workspace/dlsys_hw/needle/build/CMakeFiles/CMakeTmp'


    Feature record: CXX_FEATURE:1cxx_aggregate_default_initializers
    Feature record: CXX_FEATURE:1cxx_alias_templates
    Feature record: CXX_FEATURE:1cxx_alignas
    Feature record: CXX_FEATURE:1cxx_alignof
    Feature record: CXX_FEATURE:1cxx_attributes
    Feature record: CXX_FEATURE:1cxx_attribute_deprecated
    Feature record: CXX_FEATURE:1cxx_auto_type
    Feature record: CXX_FEATURE:1cxx_binary_literals
    Feature record: CXX_FEATURE:1cxx_constexpr
    Feature record: CXX_FEATURE:1cxx_contextual_conversions
    Feature record: CXX_FEATURE:1cxx_decltype
    Feature record: CXX_FEATURE:1cxx_decltype_auto
    Feature record: CXX_FEATURE:1cxx_decltype_incomplete_return_types
    Feature record: CXX_FEATURE:1cxx_default_function_template_args
    Feature record: CXX_FEATURE:1cxx_defaulted_functions
    Feature record: CXX_FEATURE:1cxx_defaulted_move_initializers
    Feature record: CXX_FEATURE:1cxx_delegating_constructors
    Feature record: CXX_FEATURE:1cxx_deleted_functions
    Feature record: CXX_FEATURE:1cxx_digit_separators
    Feature record: CXX_FEATURE:1cxx_enum_forward_declarations
    Feature record: CXX_FEATURE:1cxx_explicit_conversions
    Feature record: CXX_FEATURE:1cxx_extended_friend_declarations
    Feature record: CXX_FEATURE:1cxx_extern_templates
    Feature record: CXX_FEATURE:1cxx_final
    Feature record: CXX_FEATURE:1cxx_func_identifier
    Feature record: CXX_FEATURE:1cxx_generalized_initializers
    Feature record: CXX_FEATURE:1cxx_generic_lambdas
    Feature record: CXX_FEATURE:1cxx_inheriting_constructors
    Feature record: CXX_FEATURE:1cxx_inline_namespaces
    Feature record: CXX_FEATURE:1cxx_lambdas
    Feature record: CXX_FEATURE:1cxx_lambda_init_captures
    Feature record: CXX_FEATURE:1cxx_local_type_template_args
    Feature record: CXX_FEATURE:1cxx_long_long_type
    Feature record: CXX_FEATURE:1cxx_noexcept
    Feature record: CXX_FEATURE:1cxx_nonstatic_member_init
    Feature record: CXX_FEATURE:1cxx_nullptr
    Feature record: CXX_FEATURE:1cxx_override
    Feature record: CXX_FEATURE:1cxx_range_for
    Feature record: CXX_FEATURE:1cxx_raw_string_literals
    Feature record: CXX_FEATURE:1cxx_reference_qualified_functions
    Feature record: CXX_FEATURE:1cxx_relaxed_constexpr
    Feature record: CXX_FEATURE:1cxx_return_type_deduction
    Feature record: CXX_FEATURE:1cxx_right_angle_brackets
    Feature record: CXX_FEATURE:1cxx_rvalue_references
    Feature record: CXX_FEATURE:1cxx_sizeof_member
    Feature record: CXX_FEATURE:1cxx_static_assert
    Feature record: CXX_FEATURE:1cxx_strong_enums
    Feature record: CXX_FEATURE:1cxx_template_template_parameters
    Feature record: CXX_FEATURE:1cxx_thread_local
    Feature record: CXX_FEATURE:1cxx_trailing_return_types
    Feature record: CXX_FEATURE:1cxx_unicode_literals
    Feature record: CXX_FEATURE:1cxx_uniform_initialization
    Feature record: CXX_FEATURE:1cxx_unrestricted_unions
    Feature record: CXX_FEATURE:1cxx_user_literals
    Feature record: CXX_FEATURE:1cxx_variable_templates
    Feature record: CXX_FEATURE:1cxx_variadic_macros
    Feature record: CXX_FEATURE:1cxx_variadic_templates


Detecting CXX [-std=c++17] compiler features compiled with the following output:
Change Dir: /home/zhangify/workspace/dlsys_hw/needle/build/CMakeFiles/CMakeTmp

Run Build Command(s):/usr/bin/make cmTC_589ba/fast 
make[1]: Entering directory '/home/zhangify/workspace/dlsys_hw/needle/build/CMakeFiles/CMakeTmp'
/usr/bin/make -f CMakeFiles/cmTC_589ba.dir/build.make CMakeFiles/cmTC_589ba.dir/build
make[2]: Entering directory '/home/zhangify/workspace/dlsys_hw/needle/build/CMakeFiles/CMakeTmp'
Building CXX object CMakeFiles/cmTC_589ba.dir/feature_tests.cxx.o
/usr/bin/g++    -fvisibility-inlines-hidden -std=c++17 -fmessage-length=0 -march=nocona -mtune=haswell -ftree-vectorize -fPIC -fstack-protector-strong -fno-plt -O2 -ffunction-sections -pipe -isystem /home/zhangify/miniconda3/envs/gpt/include  -I/home/zhangify/miniconda3/envs/gpt/targets/x86_64-linux/include    -std=c++17 -o CMakeFiles/cmTC_589ba.dir/feature_tests.cxx.o -c /home/zhangify/workspace/dlsys_hw/needle/build/CMakeFiles/feature_tests.cxx
Linking CXX executable cmTC_589ba
/home/zhangify/miniconda3/envs/gpt/bin/cmake -E cmake_link_script CMakeFiles/cmTC_589ba.dir/link.txt --verbose=1
/usr/bin/g++  -fvisibility-inlines-hidden -std=c++17 -fmessage-length=0 -march=nocona -mtune=haswell -ftree-vectorize -fPIC -fstack-protector-strong -fno-plt -O2 -ffunction-sections -pipe -isystem /home/zhangify/miniconda3/envs/gpt/include  -I/home/zhangify/miniconda3/envs/gpt/targets/x86_64-linux/include   -Wl,-O2 -Wl,--sort-common -Wl,--as-needed -Wl,-z,relro -Wl,-z,now -Wl,--disable-new-dtags -Wl,--gc-sections -Wl,-rpath,/home/zhangify/miniconda3/envs/gpt/lib -Wl,-rpath-link,/home/zhangify/miniconda3/envs/gpt/lib -L/home/zhangify/miniconda3/envs/gpt/lib  -L/home/zhangify/miniconda3/envs/gpt/targets/x86_64-linux/lib -L/home/zhangify/miniconda3/envs/gpt/targets/x86_64-linux/lib/stubs  CMakeFiles/cmTC_589ba.dir/feature_tests.cxx.o  -o cmTC_589ba 
make[2]: Leaving directory '/home/zhangify/workspace/dlsys_hw/needle/build/CMakeFiles/CMakeTmp'
make[1]: Leaving directory '/home/zhangify/workspace/dlsys_hw/needle/build/CMakeFiles/CMakeTmp'


    Feature record: CXX_FEATURE:1cxx_aggregate_default_initializers
    Feature record: CXX_FEATURE:1cxx_alias_templates
    Feature record: CXX_FEATURE:1cxx_alignas
    Feature record: CXX_FEATURE:1cxx_alignof
    Feature record: CXX_FEATURE:1cxx_attributes
    Feature record: CXX_FEATURE:1cxx_attribute_deprecated
    Feature record: CXX_FEATURE:1cxx_auto_type
    Feature record: CXX_FEATURE:1cxx_binary_literals
    Feature record: CXX_FEATURE:1cxx_constexpr
    Feature record: CXX_FEATURE:1cxx_contextual_conversions
    Feature record: CXX_FEATURE:1cxx_decltype
    Feature record: CXX_FEATURE:1cxx_decltype_auto
    Feature record: CXX_FEATURE:1cxx_decltype_incomplete_return_types
    Feature record: CXX_FEATURE:1cxx_default_function_template_args
    Feature record: CXX_FEATURE:1cxx_defaulted_functions
    Feature record: CXX_FEATURE:1cxx_defaulted_move_initializers
    Feature record: CXX_FEATURE:1cxx_delegating_constructors
    Feature record: CXX_FEATURE:1cxx_deleted_functions
    Feature record: CXX_FEATURE:1cxx_digit_separators
    Feature record: CXX_FEATURE:1cxx_enum_forward_declarations
    Feature record: CXX_FEATURE:1cxx_explicit_conversions
    Feature record: CXX_FEATURE:1cxx_extended_friend_declarations
    Feature record: CXX_FEATURE:1cxx_extern_templates
    Feature record: CXX_FEATURE:1cxx_final
    Feature record: CXX_FEATURE:1cxx_func_identifier
    Feature record: CXX_FEATURE:1cxx_generalized_initializers
    Feature record: CXX_FEATURE:1cxx_generic_lambdas
    Feature record: CXX_FEATURE:1cxx_inheriting_constructors
    Feature record: CXX_FEATURE:1cxx_inline_namespaces
    Feature record: CXX_FEATURE:1cxx_lambdas
    Feature record: CXX_FEATURE:1cxx_lambda_init_captures
    Feature record: CXX_FEATURE:1cxx_local_type_template_args
    Feature record: CXX_FEATURE:1cxx_long_long_type
    Feature record: CXX_FEATURE:1cxx_noexcept
    Feature record: CXX_FEATURE:1cxx_nonstatic_member_init
    Feature record: CXX_FEATURE:1cxx_nullptr
    Feature record: CXX_FEATURE:1cxx_override
    Feature record: CXX_FEATURE:1cxx_range_for
    Feature record: CXX_FEATURE:1cxx_raw_string_literals
    Feature record: CXX_FEATURE:1cxx_reference_qualified_functions
    Feature record: CXX_FEATURE:1cxx_relaxed_constexpr
    Feature record: CXX_FEATURE:1cxx_return_type_deduction
    Feature record: CXX_FEATURE:1cxx_right_angle_brackets
    Feature record: CXX_FEATURE:1cxx_rvalue_references
    Feature record: CXX_FEATURE:1cxx_sizeof_member
    Feature record: CXX_FEATURE:1cxx_static_assert
    Feature record: CXX_FEATURE:1cxx_strong_enums
    Feature record: CXX_FEATURE:1cxx_template_template_parameters
    Feature record: CXX_FEATURE:1cxx_thread_local
    Feature record: CXX_FEATURE:1cxx_trailing_return_types
    Feature record: CXX_FEATURE:1cxx_unicode_literals
    Feature record: CXX_FEATURE:1cxx_uniform_initialization
    Feature record: CXX_FEATURE:1cxx_unrestricted_unions
    Feature record: CXX_FEATURE:1cxx_user_literals
    Feature record: CXX_FEATURE:1cxx_variable_templates
    Feature record: CXX_FEATURE:1cxx_variadic_macros
    Feature record: CXX_FEATURE:1cxx_variadic_templates


Detecting CXX [-std=c++14] compiler features compiled with the following output:
Change Dir: /home/zhangify/workspace/dlsys_hw/needle/build/CMakeFiles/CMakeTmp

Run Build Command(s):/usr/bin/make cmTC_70793/fast 
make[1]: Entering directory '/home/zhangify/workspace/dlsys_hw/needle/build/CMakeFiles/CMakeTmp'
/usr/bin/make -f CMakeFiles/cmTC_70793.dir/build.make CMakeFiles/cmTC_70793.dir/build
make[2]: Entering directory '/home/zhangify/workspace/dlsys_hw/needle/build/CMakeFiles/CMakeTmp'
Building CXX object CMakeFiles/cmTC_70793.dir/feature_tests.cxx.o
/usr/bin/g++    -fvisibility-inlines-hidden -std=c++17 -fmessage-length=0 -march=nocona -mtune=haswell -ftree-vectorize -fPIC -fstack-protector-strong -fno-plt -O2 -ffunction-sections -pipe -isystem /home/zhangify/miniconda3/envs/gpt/include  -I/home/zhangify/miniconda3/envs/gpt/targets/x86_64-linux/include    -std=c++14 -o CMakeFiles/cmTC_70793.dir/feature_tests.cxx.o -c /home/zhangify/workspace/dlsys_hw/needle/build/CMakeFiles/feature_tests.cxx
Linking CXX executable cmTC_70793
/home/zhangify/miniconda3/envs/gpt/bin/cmake -E cmake_link_script CMakeFiles/cmTC_70793.dir/link.txt --verbose=1
/usr/bin/g++  -fvisibility-inlines-hidden -std=c++17 -fmessage-length=0 -march=nocona -mtune=haswell -ftree-vectorize -fPIC -fstack-protector-strong -fno-plt -O2 -ffunction-sections -pipe -isystem /home/zhangify/miniconda3/envs/gpt/include  -I/home/zhangify/miniconda3/envs/gpt/targets/x86_64-linux/include   -Wl,-O2 -Wl,--sort-common -Wl,--as-needed -Wl,-z,relro -Wl,-z,now -Wl,--disable-new-dtags -Wl,--gc-sections -Wl,-rpath,/home/zhangify/miniconda3/envs/gpt/lib -Wl,-rpath-link,/home/zhangify/miniconda3/envs/gpt/lib -L/home/zhangify/miniconda3/envs/gpt/lib  -L/home/zhangify/miniconda3/envs/gpt/targets/x86_64-linux/lib -L/home/zhangify/miniconda3/envs/gpt/targets/x86_64-linux/lib/stubs  CMakeFiles/cmTC_70793.dir/feature_tests.cxx.o  -o cmTC_70793 
make[2]: Leaving directory '/home/zhangify/workspace/dlsys_hw/needle/build/CMakeFiles/CMakeTmp'
make[1]: Leaving directory '/home/zhangify/workspace/dlsys_hw/needle/build/CMakeFiles/CMakeTmp'


    Feature record: CXX_FEATURE:1cxx_aggregate_default_initializers
    Feature record: CXX_FEATURE:1cxx_alias_templates
    Feature record: CXX_FEATURE:1cxx_alignas
    Feature record: CXX_FEATURE:1cxx_alignof
    Feature record: CXX_FEATURE:1cxx_attributes
    Feature record: CXX_FEATURE:1cxx_attribute_deprecated
    Feature record: CXX_FEATURE:1cxx_auto_type
    Feature record: CXX_FEATURE:1cxx_binary_literals
    Feature record: CXX_FEATURE:1cxx_constexpr
    Feature record: CXX_FEATURE:1cxx_contextual_conversions
    Feature record: CXX_FEATURE:1cxx_decltype
    Feature record: CXX_FEATURE:1cxx_decltype_auto
    Feature record: CXX_FEATURE:1cxx_decltype_incomplete_return_types
    Feature record: CXX_FEATURE:1cxx_default_function_template_args
    Feature record: CXX_FEATURE:1cxx_defaulted_functions
    Feature record: CXX_FEATURE:1cxx_defaulted_move_initializers
    Feature record: CXX_FEATURE:1cxx_delegating_constructors
    Feature record: CXX_FEATURE:1cxx_deleted_functions
    Feature record: CXX_FEATURE:1cxx_digit_separators
    Feature record: CXX_FEATURE:1cxx_enum_forward_declarations
    Feature record: CXX_FEATURE:1cxx_explicit_conversions
    Feature record: CXX_FEATURE:1cxx_extended_friend_declarations
    Feature record: CXX_FEATURE:1cxx_extern_templates
    Feature record: CXX_FEATURE:1cxx_final
    Feature record: CXX_FEATURE:1cxx_func_identifier
    Feature record: CXX_FEATURE:1cxx_generalized_initializers
    Feature record: CXX_FEATURE:1cxx_generic_lambdas
    Feature record: CXX_FEATURE:1cxx_inheriting_constructors
    Feature record: CXX_FEATURE:1cxx_inline_namespaces
    Feature record: CXX_FEATURE:1cxx_lambdas
    Feature record: CXX_FEATURE:1cxx_lambda_init_captures
    Feature record: CXX_FEATURE:1cxx_local_type_template_args
    Feature record: CXX_FEATURE:1cxx_long_long_type
    Feature record: CXX_FEATURE:1cxx_noexcept
    Feature record: CXX_FEATURE:1cxx_nonstatic_member_init
    Feature record: CXX_FEATURE:1cxx_nullptr
    Feature record: CXX_FEATURE:1cxx_override
    Feature record: CXX_FEATURE:1cxx_range_for
    Feature record: CXX_FEATURE:1cxx_raw_string_literals
    Feature record: CXX_FEATURE:1cxx_reference_qualified_functions
    Feature record: CXX_FEATURE:1cxx_relaxed_constexpr
    Feature record: CXX_FEATURE:1cxx_return_type_deduction
    Feature record: CXX_FEATURE:1cxx_right_angle_brackets
    Feature record: CXX_FEATURE:1cxx_rvalue_references
    Feature record: CXX_FEATURE:1cxx_sizeof_member
    Feature record: CXX_FEATURE:1cxx_static_assert
    Feature record: CXX_FEATURE:1cxx_strong_enums
    Feature record: CXX_FEATURE:1cxx_template_template_parameters
    Feature record: CXX_FEATURE:1cxx_thread_local
    Feature record: CXX_FEATURE:1cxx_trailing_return_types
    Feature record: CXX_FEATURE:1cxx_unicode_literals
    Feature record: CXX_FEATURE:1cxx_uniform_initialization
    Feature record: CXX_FEATURE:1cxx_unrestricted_unions
    Feature record: CXX_FEATURE:1cxx_user_literals
    Feature record: CXX_FEATURE:1cxx_variable_templates
    Feature record: CXX_FEATURE:1cxx_variadic_macros
    Feature record: CXX_FEATURE:1cxx_variadic_templates


Detecting CXX [-std=c++11] compiler features compiled with the following output:
Change Dir: /home/zhangify/workspace/dlsys_hw/needle/build/CMakeFiles/CMakeTmp

Run Build Command(s):/usr/bin/make cmTC_56f3a/fast 
make[1]: Entering directory '/home/zhangify/workspace/dlsys_hw/needle/build/CMakeFiles/CMakeTmp'
/usr/bin/make -f CMakeFiles/cmTC_56f3a.dir/build.make CMakeFiles/cmTC_56f3a.dir/build
make[2]: Entering directory '/home/zhangify/workspace/dlsys_hw/needle/build/CMakeFiles/CMakeTmp'
Building CXX object CMakeFiles/cmTC_56f3a.dir/feature_tests.cxx.o
/usr/bin/g++    -fvisibility-inlines-hidden -std=c++17 -fmessage-length=0 -march=nocona -mtune=haswell -ftree-vectorize -fPIC -fstack-protector-strong -fno-plt -O2 -ffunction-sections -pipe -isystem /home/zhangify/miniconda3/envs/gpt/include  -I/home/zhangify/miniconda3/envs/gpt/targets/x86_64-linux/include    -std=c++11 -o CMakeFiles/cmTC_56f3a.dir/feature_tests.cxx.o -c /home/zhangify/workspace/dlsys_hw/needle/build/CMakeFiles/feature_tests.cxx
Linking CXX executable cmTC_56f3a
/home/zhangify/miniconda3/envs/gpt/bin/cmake -E cmake_link_script CMakeFiles/cmTC_56f3a.dir/link.txt --verbose=1
/usr/bin/g++  -fvisibility-inlines-hidden -std=c++17 -fmessage-length=0 -march=nocona -mtune=haswell -ftree-vectorize -fPIC -fstack-protector-strong -fno-plt -O2 -ffunction-sections -pipe -isystem /home/zhangify/miniconda3/envs/gpt/include  -I/home/zhangify/miniconda3/envs/gpt/targets/x86_64-linux/include   -Wl,-O2 -Wl,--sort-common -Wl,--as-needed -Wl,-z,relro -Wl,-z,now -Wl,--disable-new-dtags -Wl,--gc-sections -Wl,-rpath,/home/zhangify/miniconda3/envs/gpt/lib -Wl,-rpath-link,/home/zhangify/miniconda3/envs/gpt/lib -L/home/zhangify/miniconda3/envs/gpt/lib  -L/home/zhangify/miniconda3/envs/gpt/targets/x86_64-linux/lib -L/home/zhangify/miniconda3/envs/gpt/targets/x86_64-linux/lib/stubs  CMakeFiles/cmTC_56f3a.dir/feature_tests.cxx.o  -o cmTC_56f3a 
make[2]: Leaving directory '/home/zhangify/workspace/dlsys_hw/needle/build/CMakeFiles/CMakeTmp'
make[1]: Leaving directory '/home/zhangify/workspace/dlsys_hw/needle/build/CMakeFiles/CMakeTmp'


    Feature record: CXX_FEATURE:0cxx_aggregate_default_initializers
    Feature record: CXX_FEATURE:1cxx_alias_templates
    Feature record: CXX_FEATURE:1cxx_alignas
    Feature record: CXX_FEATURE:1cxx_alignof
    Feature record: CXX_FEATURE:1cxx_attributes
    Feature record: CXX_FEATURE:0cxx_attribute_deprecated
    Feature record: CXX_FEATURE:1cxx_auto_type
    Feature record: CXX_FEATURE:0cxx_binary_literals
    Feature record: CXX_FEATURE:1cxx_constexpr
    Feature record: CXX_FEATURE:0cxx_contextual_conversions
    Feature record: CXX_FEATURE:1cxx_decltype
    Feature record: CXX_FEATURE:0cxx_decltype_auto
    Feature record: CXX_FEATURE:1cxx_decltype_incomplete_return_types
    Feature record: CXX_FEATURE:1cxx_default_function_template_args
    Feature record: CXX_FEATURE:1cxx_defaulted_functions
    Feature record: CXX_FEATURE:1cxx_defaulted_move_initializers
    Feature record: CXX_FEATURE:1cxx_delegating_constructors
    Feature record: CXX_FEATURE:1cxx_deleted_functions
    Feature record: CXX_FEATURE:0cxx_digit_separators
    Feature record: CXX_FEATURE:1cxx_enum_forward_declarations
    Feature record: CXX_FEATURE:1cxx_explicit_conversions
    Feature record: CXX_FEATURE:1cxx_extended_friend_declarations
    Feature record: CXX_FEATURE:1cxx_extern_templates
    Feature record: CXX_FEATURE:1cxx_final
    Feature record: CXX_FEATURE:1cxx_func_identifier
    Feature record: CXX_FEATURE:1cxx_generalized_initializers
    Feature record: CXX_FEATURE:0cxx_generic_lambdas
    Feature record: CXX_FEATURE:1cxx_inheriting_constructors
    Feature record: CXX_FEATURE:1cxx_inline_namespaces
    Feature record: CXX_FEATURE:1cxx_lambdas
    Feature record: CXX_FEATURE:0cxx_lambda_init_captures
    Feature record: CXX_FEATURE:1cxx_local_type_template_args
    Feature record: CXX_FEATURE:1cxx_long_long_type
    Feature record: CXX_FEATURE:1cxx_noexcept
    Feature record: CXX_FEATURE:1cxx_nonstatic_member_init
    Feature record: CXX_FEATURE:1cxx_nullptr
    Feature record: CXX_FEATURE:1cxx_override
    Feature record: CXX_FEATURE:1cxx_range_for
    Feature record: CXX_FEATURE:1cxx_raw_string_literals
    Feature record: CXX_FEATURE:1cxx_reference_qualified_functions
    Feature record: CXX_FEATURE:0cxx_relaxed_constexpr
    Feature record: CXX_FEATURE:0cxx_return_type_deduction
    Feature record: CXX_FEATURE:1cxx_right_angle_brackets
    Feature record: CXX_FEATURE:1cxx_rvalue_references
    Feature record: CXX_FEATURE:1cxx_sizeof_member
    Feature record: CXX_FEATURE:1cxx_static_assert
    Feature record: CXX_FEATURE:1cxx_strong_enums
    Feature record: CXX_FEATURE:1cxx_template_template_parameters
    Feature record: CXX_FEATURE:1cxx_thread_local
    Feature record: CXX_FEATURE:1cxx_trailing_return_types
    Feature record: CXX_FEATURE:1cxx_unicode_literals
    Feature record: CXX_FEATURE:1cxx_uniform_initialization
    Feature record: CXX_FEATURE:1cxx_unrestricted_unions
    Feature record: CXX_FEATURE:1cxx_user_literals
    Feature record: CXX_FEATURE:0cxx_variable_templates
    Feature record: CXX_FEATURE:1cxx_variadic_macros
    Feature record: CXX_FEATURE:1cxx_variadic_templates


Detecting CXX [-std=c++98] compiler features compiled with the following output:
Change Dir: /home/zhangify/workspace/dlsys_hw/needle/build/CMakeFiles/CMakeTmp

Run Build Command(s):/usr/bin/make cmTC_05fb4/fast 
make[1]: Entering directory '/home/zhangify/workspace/dlsys_hw/needle/build/CMakeFiles/CMakeTmp'
/usr/bin/make -f CMakeFiles/cmTC_05fb4.dir/build.make CMakeFiles/cmTC_05fb4.dir/build
make[2]: Entering directory '/home/zhangify/workspace/dlsys_hw/needle/build/CMakeFiles/CMakeTmp'
Building CXX object CMakeFiles/cmTC_05fb4.dir/feature_tests.cxx.o
/usr/bin/g++    -fvisibility-inlines-hidden -std=c++17 -fmessage-length=0 -march=nocona -mtune=haswell -ftree-vectorize -fPIC -fstack-protector-strong -fno-plt -O2 -ffunction-sections -pipe -isystem /home/zhangify/miniconda3/envs/gpt/include  -I/home/zhangify/miniconda3/envs/gpt/targets/x86_64-linux/include    -std=c++98 -o CMakeFiles/cmTC_05fb4.dir/feature_tests.cxx.o -c /home/zhangify/workspace/dlsys_hw/needle/build/CMakeFiles/feature_tests.cxx
Linking CXX executable cmTC_05fb4
/home/zhangify/miniconda3/envs/gpt/bin/cmake -E cmake_link_script CMakeFiles/cmTC_05fb4.dir/link.txt --verbose=1
/usr/bin/g++  -fvisibility-inlines-hidden -std=c++17 -fmessage-length=0 -march=nocona -mtune=haswell -ftree-vectorize -fPIC -fstack-protector-strong -fno-plt -O2 -ffunction-sections -pipe -isystem /home/zhangify/miniconda3/envs/gpt/include  -I/home/zhangify/miniconda3/envs/gpt/targets/x86_64-linux/include   -Wl,-O2 -Wl,--sort-common -Wl,--as-needed -Wl,-z,relro -Wl,-z,now -Wl,--disable-new-dtags -Wl,--gc-sections -Wl,-rpath,/home/zhangify/miniconda3/envs/gpt/lib -Wl,-rpath-link,/home/zhangify/miniconda3/envs/gpt/lib -L/home/zhangify/miniconda3/envs/gpt/lib  -L/home/zhangify/miniconda3/envs/gpt/targets/x86_64-linux/lib -L/home/zhangify/miniconda3/envs/gpt/targets/x86_64-linux/lib/stubs  CMakeFiles/cmTC_05fb4.dir/feature_tests.cxx.o  -o cmTC_05fb4 
make[2]: Leaving directory '/home/zhangify/workspace/dlsys_hw/needle/build/CMakeFiles/CMakeTmp'
make[1]: Leaving directory '/home/zhangify/workspace/dlsys_hw/needle/build/CMakeFiles/CMakeTmp'


    Feature record: CXX_FEATURE:0cxx_aggregate_default_initializers
    Feature record: CXX_FEATURE:0cxx_alias_templates
    Feature record: CXX_FEATURE:0cxx_alignas
    Feature record: CXX_FEATURE:0cxx_alignof
    Feature record: CXX_FEATURE:0cxx_attributes
    Feature record: CXX_FEATURE:0cxx_attribute_deprecated
    Feature record: CXX_FEATURE:0cxx_auto_type
    Feature record: CXX_FEATURE:0cxx_binary_literals
    Feature record: CXX_FEATURE:0cxx_constexpr
    Feature record: CXX_FEATURE:0cxx_contextual_conversions
    Feature record: CXX_FEATURE:0cxx_decltype
    Feature record: CXX_FEATURE:0cxx_decltype_auto
    Feature record: CXX_FEATURE:0cxx_decltype_incomplete_return_types
    Feature record: CXX_FEATURE:0cxx_default_function_template_args
    Feature record: CXX_FEATURE:0cxx_defaulted_functions
    Feature record: CXX_FEATURE:0cxx_defaulted_move_initializers
    Feature record: CXX_FEATURE:0cxx_delegating_constructors
    Feature record: CXX_FEATURE:0cxx_deleted_functions
    Feature record: CXX_FEATURE:0cxx_digit_separators
    Feature record: CXX_FEATURE:0cxx_enum_forward_declarations
    Feature record: CXX_FEATURE:0cxx_explicit_conversions
    Feature record: CXX_FEATURE:0cxx_extended_friend_declarations
    Feature record: CXX_FEATURE:0cxx_extern_templates
    Feature record: CXX_FEATURE:0cxx_final
    Feature record: CXX_FEATURE:0cxx_func_identifier
    Feature record: CXX_FEATURE:0cxx_generalized_initializers
    Feature record: CXX_FEATURE:0cxx_generic_lambdas
    Feature record: CXX_FEATURE:0cxx_inheriting_constructors
    Feature record: CXX_FEATURE:0cxx_inline_namespaces
    Feature record: CXX_FEATURE:0cxx_lambdas
    Feature record: CXX_FEATURE:0cxx_lambda_init_captures
    Feature record: CXX_FEATURE:0cxx_local_type_template_args
    Feature record: CXX_FEATURE:0cxx_long_long_type
    Feature record: CXX_FEATURE:0cxx_noexcept
    Feature record: CXX_FEATURE:0cxx_nonstatic_member_init
    Feature record: CXX_FEATURE:0cxx_nullptr
    Feature record: CXX_FEATURE:0cxx_override
    Feature record: CXX_FEATURE:0cxx_range_for
    Feature record: CXX_FEATURE:0cxx_raw_string_literals
    Feature record: CXX_FEATURE:0cxx_reference_qualified_functions
    Feature record: CXX_FEATURE:0cxx_relaxed_constexpr
    Feature record: CXX_FEATURE:0cxx_return_type_deduction
    Feature record: CXX_FEATURE:0cxx_right_angle_brackets
    Feature record: CXX_FEATURE:0cxx_rvalue_references
    Feature record: CXX_FEATURE:0cxx_sizeof_member
    Feature record: CXX_FEATURE:0cxx_static_assert
    Feature record: CXX_FEATURE:0cxx_strong_enums
    Feature record: CXX_FEATURE:1cxx_template_template_parameters
    Feature record: CXX_FEATURE:0cxx_thread_local
    Feature record: CXX_FEATURE:0cxx_trailing_return_types
    Feature record: CXX_FEATURE:0cxx_unicode_literals
    Feature record: CXX_FEATURE:0cxx_uniform_initialization
    Feature record: CXX_FEATURE:0cxx_unrestricted_unions
    Feature record: CXX_FEATURE:0cxx_user_literals
    Feature record: CXX_FEATURE:0cxx_variable_templates
    Feature record: CXX_FEATURE:0cxx_variadic_macros
    Feature record: CXX_FEATURE:0cxx_variadic_templates
Performing C++ SOURCE FILE Test HAS_FLTO_AUTO succeeded with the following output:
Change Dir: /home/zhangify/workspace/dlsys_hw/needle/build/CMakeFiles/CMakeTmp

Run Build Command(s):/usr/bin/make cmTC_50b3c/fast 
make[1]: Entering directory '/home/zhangify/workspace/dlsys_hw/needle/build/CMakeFiles/CMakeTmp'
/usr/bin/make -f CMakeFiles/cmTC_50b3c.dir/build.make CMakeFiles/cmTC_50b3c.dir/build
make[2]: Entering directory '/home/zhangify/workspace/dlsys_hw/needle/build/CMakeFiles/CMakeTmp'
Building CXX object CMakeFiles/cmTC_50b3c.dir/src.cxx.o
/usr/bin/g++    -fvisibility-inlines-hidden -std=c++17 -fmessage-length=0 -march=nocona -mtune=haswell -ftree-vectorize -fPIC -fstack-protector-strong -fno-plt -O2 -ffunction-sections -pipe -isystem /home/zhangify/miniconda3/envs/gpt/include  -I/home/zhangify/miniconda3/envs/gpt/targets/x86_64-linux/include -DHAS_FLTO_AUTO   -flto=auto -fno-fat-lto-objects -o CMakeFiles/cmTC_50b3c.dir/src.cxx.o -c /home/zhangify/workspace/dlsys_hw/needle/build/CMakeFiles/CMakeTmp/src.cxx
Linking CXX executable cmTC_50b3c
/home/zhangify/miniconda3/envs/gpt/bin/cmake -E cmake_link_script CMakeFiles/cmTC_50b3c.dir/link.txt --verbose=1
/usr/bin/g++  -fvisibility-inlines-hidden -std=c++17 -fmessage-length=0 -march=nocona -mtune=haswell -ftree-vectorize -fPIC -fstack-protector-strong -fno-plt -O2 -ffunction-sections -pipe -isystem /home/zhangify/miniconda3/envs/gpt/include  -I/home/zhangify/miniconda3/envs/gpt/targets/x86_64-linux/include -DHAS_FLTO_AUTO  -Wl,-O2 -Wl,--sort-common -Wl,--as-needed -Wl,-z,relro -Wl,-z,now -Wl,--disable-new-dtags -Wl,--gc-sections -Wl,-rpath,/home/zhangify/miniconda3/envs/gpt/lib -Wl,-rpath-link,/home/zhangify/miniconda3/envs/gpt/lib -L/home/zhangify/miniconda3/envs/gpt/lib  -L/home/zhangify/miniconda3/envs/gpt/targets/x86_64-linux/lib -L/home/zhangify/miniconda3/envs/gpt/targets/x86_64-linux/lib/stubs  CMakeFiles/cmTC_50b3c.dir/src.cxx.o  -o cmTC_50b3c -flto=auto 
make[2]: Leaving directory '/home/zhangify/workspace/dlsys_hw/needle/build/CMakeFiles/CMakeTmp'
make[1]: Leaving directory '/home/zhangify/workspace/dlsys_hw/needle/build/CMakeFiles/CMakeTmp'

Source file was:
int main() { return 0; }
Determining if the include file pthread.h exists passed with the following output:
Change Dir: /home/zhangify/workspace/dlsys_hw/needle/build/CMakeFiles/CMakeTmp

Run Build Command(s):/usr/bin/make cmTC_91f80/fast 
make[1]: Entering directory '/home/zhangify/workspace/dlsys_hw/needle/build/CMakeFiles/CMakeTmp'
/usr/bin/make -f CMakeFiles/cmTC_91f80.dir/build.make CMakeFiles/cmTC_91f80.dir/build
make[2]: Entering directory '/home/zhangify/workspace/dlsys_hw/needle/build/CMakeFiles/CMakeTmp'
Building C object CMakeFiles/cmTC_91f80.dir/CheckIncludeFile.c.o
/usr/bin/gcc   -fPIC    -o CMakeFiles/cmTC_91f80.dir/CheckIncludeFile.c.o   -c /home/zhangify/workspace/dlsys_hw/needle/build/CMakeFiles/CMakeTmp/CheckIncludeFile.c
Linking C executable cmTC_91f80
/home/zhangify/miniconda3/envs/gpt/bin/cmake -E cmake_link_script CMakeFiles/cmTC_91f80.dir/link.txt --verbose=1
/usr/bin/gcc -fPIC   -Wl,-O2 -Wl,--sort-common -Wl,--as-needed -Wl,-z,relro -Wl,-z,now -Wl,--disable-new-dtags -Wl,--gc-sections -Wl,-rpath,/home/zhangify/miniconda3/envs/gpt/lib -Wl,-rpath-link,/home/zhangify/miniconda3/envs/gpt/lib -L/home/zhangify/miniconda3/envs/gpt/lib  -L/home/zhangify/miniconda3/envs/gpt/targets/x86_64-linux/lib -L/home/zhangify/miniconda3/envs/gpt/targets/x86_64-linux/lib/stubs  CMakeFiles/cmTC_91f80.dir/CheckIncludeFile.c.o  -o cmTC_91f80 
make[2]: Leaving directory '/home/zhangify/workspace/dlsys_hw/needle/build/CMakeFiles/CMakeTmp'
make[1]: Leaving directory '/home/zhangify/workspace/dlsys_hw/needle/build/CMakeFiles/CMakeTmp'


Determining if the function pthread_create exists in the pthread passed with the following output:
Change Dir: /home/zhangify/workspace/dlsys_hw/needle/build/CMakeFiles/CMakeTmp

Run Build Command(s):/usr/bin/make cmTC_57cfd/fast 
make[1]: Entering directory '/home/zhangify/workspace/dlsys_hw/needle/build/CMakeFiles/CMakeTmp'
/usr/bin/make -f CMakeFiles/cmTC_57cfd.dir/build.make CMakeFiles/cmTC_57cfd.dir/build
make[2]: Entering directory '/home/zhangify/workspace/dlsys_hw/needle/build/CMakeFiles/CMakeTmp'
Building C object CMakeFiles/cmTC_57cfd.dir/CheckFunctionExists.c.o
/usr/bin/gcc   -fPIC -DCHECK_FUNCTION_EXISTS=pthread_create   -o CMakeFiles/cmTC_57cfd.dir/CheckFunctionExists.c.o   -c /home/zhangify/miniconda3/envs/gpt/share/cmake-3.14/Modules/CheckFunctionExists.c
Linking C executable cmTC_57cfd
/home/zhangify/miniconda3/envs/gpt/bin/cmake -E cmake_link_script CMakeFiles/cmTC_57cfd.dir/link.txt --verbose=1
/usr/bin/gcc -fPIC -DCHECK_FUNCTION_EXISTS=pthread_create  -Wl,-O2 -Wl,--sort-common -Wl,--as-needed -Wl,-z,relro -Wl,-z,now -Wl,--disable-new-dtags -Wl,--gc-sections -Wl,-rpath,/home/zhangify/miniconda3/envs/gpt/lib -Wl,-rpath-link,/home/zhangify/miniconda3/envs/gpt/lib -L/home/zhangify/miniconda3/envs/gpt/lib  -L/home/zhangify/miniconda3/envs/gpt/targets/x86_64-linux/lib -L/home/zhangify/miniconda3/envs/gpt/targets/x86_64-linux/lib/stubs  CMakeFiles/cmTC_57cfd.dir/CheckFunctionExists.c.o  -o cmTC_57cfd -lpthread 
make[2]: Leaving directory '/home/zhangify/workspace/dlsys_hw/needle/build/CMakeFiles/CMakeTmp'
make[1]: Leaving directory '/home/zhangify/workspace/dlsys_hw/needle/build/CMakeFiles/CMakeTmp'


